<?xml version="1.0" encoding="UTF-8"?>
<testsuite name="TestParallel" tests="1" skipped="0" failures="1" errors="0" timestamp="2024-04-02T08:48:34" hostname="DESKTOP-0LRDBN7" time="5.424">
  <properties/>
  <testcase name="testAll()" classname="TestParallel" time="5.424">
    <failure message="org.opentest4j.AssertionFailedError: status code was: 503, expected: 200, response time in milliseconds: 445, url: https://canales-digitales-ext-qa.apps.ambientesbc.com/alm/api/v1/customer-rules/frontline-response/validate-business-rules, response: &#10;&lt;html&gt;&#13;&#10;&lt;head&gt;&lt;title&gt;503 Service Temporarily Unavailable&lt;/title&gt;&lt;/head&gt;&#13;&#10;&lt;body&gt;&#13;&#10;&lt;center&gt;&lt;h1&gt;503 Service Temporarily Unavailable&lt;/h1&gt;&lt;/center&gt;&#13;&#10;&lt;script type=&quot;text/javascript&quot; src=&quot;/_Incapsula_Resource?SWJIYLWA=719d34d31c8e3a6e6fffd425f7e032f3&amp;ns=1&amp;cb=594606999&quot; async&gt;&lt;/script&gt;&lt;/body&gt;&#13;&#10;&lt;/html&gt;&#13;&#10;&#10;classpath:karate/validate_business_rules.feature:16&#10;status code was: 503, expected: 400, response time in milliseconds: 298, url: https://canales-digitales-ext-qa.apps.ambientesbc.com/alm/api/v1/customer-rules/frontline-response/validate-business-rules, response: &#10;&lt;html&gt;&#13;&#10;&lt;head&gt;&lt;title&gt;503 Service Temporarily Unavailable&lt;/title&gt;&lt;/head&gt;&#13;&#10;&lt;body&gt;&#13;&#10;&lt;center&gt;&lt;h1&gt;503 Service Temporarily Unavailable&lt;/h1&gt;&lt;/center&gt;&#13;&#10;&lt;script type=&quot;text/javascript&quot; src=&quot;/_Incapsula_Resource?SWJIYLWA=719d34d31c8e3a6e6fffd425f7e032f3&amp;ns=2&amp;cb=1668979631&quot; async&gt;&lt;/script&gt;&lt;/body&gt;&#13;&#10;&lt;/html&gt;&#13;&#10;&#10;classpath:karate/validate_business_rules.feature:27&#10;status code was: 503, expected: 400, response time in milliseconds: 292, url: https://canales-digitales-ext-qa.apps.ambientesbc.com/alm/api/v1/customer-rules/frontline-response/validate-business-rules, response: &#10;&lt;html&gt;&#13;&#10;&lt;head&gt;&lt;title&gt;503 Service Temporarily Unavailable&lt;/title&gt;&lt;/head&gt;&#13;&#10;&lt;body&gt;&#13;&#10;&lt;center&gt;&lt;h1&gt;503 Service Temporarily Unavailable&lt;/h1&gt;&lt;/center&gt;&#13;&#10;&lt;script type=&quot;text/javascript&quot; src=&quot;/_Incapsula_Resource?SWJIYLWA=719d34d31c8e3a6e6fffd425f7e032f3&amp;ns=3&amp;cb=873287953&quot; async&gt;&lt;/script&gt;&lt;/body&gt;&#13;&#10;&lt;/html&gt;&#13;&#10;&#10;classpath:karate/validate_business_rules.feature:38&#10;status code was: 503, expected: 400, response time in milliseconds: 288, url: https://canales-digitales-ext-qa.apps.ambientesbc.com/alm/api/v1/customer-rules/frontline-response/validate-business-rules, response: &#10;&lt;html&gt;&#13;&#10;&lt;head&gt;&lt;title&gt;503 Service Temporarily Unavailable&lt;/title&gt;&lt;/head&gt;&#13;&#10;&lt;body&gt;&#13;&#10;&lt;center&gt;&lt;h1&gt;503 Service Temporarily Unavailable&lt;/h1&gt;&lt;/center&gt;&#13;&#10;&lt;script type=&quot;text/javascript&quot; src=&quot;/_Incapsula_Resource?SWJIYLWA=719d34d31c8e3a6e6fffd425f7e032f3&amp;ns=4&amp;cb=118690845&quot; async&gt;&lt;/script&gt;&lt;/body&gt;&#13;&#10;&lt;/html&gt;&#13;&#10;&#10;classpath:karate/validate_business_rules.feature:50&#10;status code was: 503, expected: 400, response time in milliseconds: 291, url: https://canales-digitales-ext-qa.apps.ambientesbc.com/alm/api/v1/customer-rules/frontline-response/validate-business-rules, response: &#10;&lt;html&gt;&#13;&#10;&lt;head&gt;&lt;title&gt;503 Service Temporarily Unavailable&lt;/title&gt;&lt;/head&gt;&#13;&#10;&lt;body&gt;&#13;&#10;&lt;center&gt;&lt;h1&gt;503 Service Temporarily Unavailable&lt;/h1&gt;&lt;/center&gt;&#13;&#10;&lt;script type=&quot;text/javascript&quot; src=&quot;/_Incapsula_Resource?SWJIYLWA=719d34d31c8e3a6e6fffd425f7e032f3&amp;ns=5&amp;cb=1950999014&quot; async&gt;&lt;/script&gt;&lt;/body&gt;&#13;&#10;&lt;/html&gt;&#13;&#10;&#10;classpath:karate/validate_business_rules.feature:61&#10;status code was: 503, expected: 400, response time in milliseconds: 295, url: https://canales-digitales-ext-qa.apps.ambientesbc.com/alm/api/v1/customer-rules/frontline-response/validate-business-rules, response: &#10;&lt;html&gt;&#13;&#10;&lt;head&gt;&lt;title&gt;503 Service Temporarily Unavailable&lt;/title&gt;&lt;/head&gt;&#13;&#10;&lt;body&gt;&#13;&#10;&lt;center&gt;&lt;h1&gt;503 Service Temporarily Unavailable&lt;/h1&gt;&lt;/center&gt;&#13;&#10;&lt;script type=&quot;text/javascript&quot; src=&quot;/_Incapsula_Resource?SWJIYLWA=719d34d31c8e3a6e6fffd425f7e032f3&amp;ns=6&amp;cb=1783272578&quot; async&gt;&lt;/script&gt;&lt;/body&gt;&#13;&#10;&lt;/html&gt;&#13;&#10;&#10;classpath:karate/validate_business_rules.feature:72 ==&gt; expected: &lt;0&gt; but was: &lt;6&gt;" type="org.opentest4j.AssertionFailedError">org.opentest4j.AssertionFailedError: status code was: 503, expected: 200, response time in milliseconds: 445, url: https://canales-digitales-ext-qa.apps.ambientesbc.com/alm/api/v1/customer-rules/frontline-response/validate-business-rules, response: 
&lt;html&gt;
&lt;head&gt;&lt;title&gt;503 Service Temporarily Unavailable&lt;/title&gt;&lt;/head&gt;
&lt;body&gt;
&lt;center&gt;&lt;h1&gt;503 Service Temporarily Unavailable&lt;/h1&gt;&lt;/center&gt;
&lt;script type=&quot;text/javascript&quot; src=&quot;/_Incapsula_Resource?SWJIYLWA=719d34d31c8e3a6e6fffd425f7e032f3&amp;ns=1&amp;cb=594606999&quot; async&gt;&lt;/script&gt;&lt;/body&gt;
&lt;/html&gt;

classpath:karate/validate_business_rules.feature:16
status code was: 503, expected: 400, response time in milliseconds: 298, url: https://canales-digitales-ext-qa.apps.ambientesbc.com/alm/api/v1/customer-rules/frontline-response/validate-business-rules, response: 
&lt;html&gt;
&lt;head&gt;&lt;title&gt;503 Service Temporarily Unavailable&lt;/title&gt;&lt;/head&gt;
&lt;body&gt;
&lt;center&gt;&lt;h1&gt;503 Service Temporarily Unavailable&lt;/h1&gt;&lt;/center&gt;
&lt;script type=&quot;text/javascript&quot; src=&quot;/_Incapsula_Resource?SWJIYLWA=719d34d31c8e3a6e6fffd425f7e032f3&amp;ns=2&amp;cb=1668979631&quot; async&gt;&lt;/script&gt;&lt;/body&gt;
&lt;/html&gt;

classpath:karate/validate_business_rules.feature:27
status code was: 503, expected: 400, response time in milliseconds: 292, url: https://canales-digitales-ext-qa.apps.ambientesbc.com/alm/api/v1/customer-rules/frontline-response/validate-business-rules, response: 
&lt;html&gt;
&lt;head&gt;&lt;title&gt;503 Service Temporarily Unavailable&lt;/title&gt;&lt;/head&gt;
&lt;body&gt;
&lt;center&gt;&lt;h1&gt;503 Service Temporarily Unavailable&lt;/h1&gt;&lt;/center&gt;
&lt;script type=&quot;text/javascript&quot; src=&quot;/_Incapsula_Resource?SWJIYLWA=719d34d31c8e3a6e6fffd425f7e032f3&amp;ns=3&amp;cb=873287953&quot; async&gt;&lt;/script&gt;&lt;/body&gt;
&lt;/html&gt;

classpath:karate/validate_business_rules.feature:38
status code was: 503, expected: 400, response time in milliseconds: 288, url: https://canales-digitales-ext-qa.apps.ambientesbc.com/alm/api/v1/customer-rules/frontline-response/validate-business-rules, response: 
&lt;html&gt;
&lt;head&gt;&lt;title&gt;503 Service Temporarily Unavailable&lt;/title&gt;&lt;/head&gt;
&lt;body&gt;
&lt;center&gt;&lt;h1&gt;503 Service Temporarily Unavailable&lt;/h1&gt;&lt;/center&gt;
&lt;script type=&quot;text/javascript&quot; src=&quot;/_Incapsula_Resource?SWJIYLWA=719d34d31c8e3a6e6fffd425f7e032f3&amp;ns=4&amp;cb=118690845&quot; async&gt;&lt;/script&gt;&lt;/body&gt;
&lt;/html&gt;

classpath:karate/validate_business_rules.feature:50
status code was: 503, expected: 400, response time in milliseconds: 291, url: https://canales-digitales-ext-qa.apps.ambientesbc.com/alm/api/v1/customer-rules/frontline-response/validate-business-rules, response: 
&lt;html&gt;
&lt;head&gt;&lt;title&gt;503 Service Temporarily Unavailable&lt;/title&gt;&lt;/head&gt;
&lt;body&gt;
&lt;center&gt;&lt;h1&gt;503 Service Temporarily Unavailable&lt;/h1&gt;&lt;/center&gt;
&lt;script type=&quot;text/javascript&quot; src=&quot;/_Incapsula_Resource?SWJIYLWA=719d34d31c8e3a6e6fffd425f7e032f3&amp;ns=5&amp;cb=1950999014&quot; async&gt;&lt;/script&gt;&lt;/body&gt;
&lt;/html&gt;

classpath:karate/validate_business_rules.feature:61
status code was: 503, expected: 400, response time in milliseconds: 295, url: https://canales-digitales-ext-qa.apps.ambientesbc.com/alm/api/v1/customer-rules/frontline-response/validate-business-rules, response: 
&lt;html&gt;
&lt;head&gt;&lt;title&gt;503 Service Temporarily Unavailable&lt;/title&gt;&lt;/head&gt;
&lt;body&gt;
&lt;center&gt;&lt;h1&gt;503 Service Temporarily Unavailable&lt;/h1&gt;&lt;/center&gt;
&lt;script type=&quot;text/javascript&quot; src=&quot;/_Incapsula_Resource?SWJIYLWA=719d34d31c8e3a6e6fffd425f7e032f3&amp;ns=6&amp;cb=1783272578&quot; async&gt;&lt;/script&gt;&lt;/body&gt;
&lt;/html&gt;

classpath:karate/validate_business_rules.feature:72 ==&gt; expected: &lt;0&gt; but was: &lt;6&gt;
	at app//org.junit.jupiter.api.AssertionUtils.fail(AssertionUtils.java:55)
	at app//org.junit.jupiter.api.AssertionUtils.failNotEqual(AssertionUtils.java:62)
	at app//org.junit.jupiter.api.AssertEquals.assertEquals(AssertEquals.java:182)
	at app//org.junit.jupiter.api.Assertions.assertEquals(Assertions.java:558)
	at app//TestParallel.testAll(TestParallel.java:33)
	at java.base@17.0.9/jdk.internal.reflect.NativeMethodAccessorImpl.invoke0(Native Method)
	at java.base@17.0.9/jdk.internal.reflect.NativeMethodAccessorImpl.invoke(NativeMethodAccessorImpl.java:77)
	at java.base@17.0.9/jdk.internal.reflect.DelegatingMethodAccessorImpl.invoke(DelegatingMethodAccessorImpl.java:43)
	at java.base@17.0.9/java.lang.reflect.Method.invoke(Method.java:568)
	at app//org.junit.platform.commons.util.ReflectionUtils.invokeMethod(ReflectionUtils.java:688)
	at app//org.junit.jupiter.engine.execution.MethodInvocation.proceed(MethodInvocation.java:60)
	at app//org.junit.jupiter.engine.execution.InvocationInterceptorChain$ValidatingInvocation.proceed(InvocationInterceptorChain.java:131)
	at app//org.junit.jupiter.engine.extension.TimeoutExtension.intercept(TimeoutExtension.java:149)
	at app//org.junit.jupiter.engine.extension.TimeoutExtension.interceptTestableMethod(TimeoutExtension.java:140)
	at app//org.junit.jupiter.engine.extension.TimeoutExtension.interceptTestMethod(TimeoutExtension.java:84)
	at app//org.junit.jupiter.engine.execution.ExecutableInvoker$ReflectiveInterceptorCall.lambda$ofVoidMethod$0(ExecutableInvoker.java:115)
	at app//org.junit.jupiter.engine.execution.ExecutableInvoker.lambda$invoke$0(ExecutableInvoker.java:105)
	at app//org.junit.jupiter.engine.execution.InvocationInterceptorChain$InterceptedInvocation.proceed(InvocationInterceptorChain.java:106)
	at app//org.junit.jupiter.engine.execution.InvocationInterceptorChain.proceed(InvocationInterceptorChain.java:64)
	at app//org.junit.jupiter.engine.execution.InvocationInterceptorChain.chainAndInvoke(InvocationInterceptorChain.java:45)
	at app//org.junit.jupiter.engine.execution.InvocationInterceptorChain.invoke(InvocationInterceptorChain.java:37)
	at app//org.junit.jupiter.engine.execution.ExecutableInvoker.invoke(ExecutableInvoker.java:104)
	at app//org.junit.jupiter.engine.execution.ExecutableInvoker.invoke(ExecutableInvoker.java:98)
	at app//org.junit.jupiter.engine.descriptor.TestMethodTestDescriptor.lambda$invokeTestMethod$6(TestMethodTestDescriptor.java:210)
	at app//org.junit.platform.engine.support.hierarchical.ThrowableCollector.execute(ThrowableCollector.java:73)
	at app//org.junit.jupiter.engine.descriptor.TestMethodTestDescriptor.invokeTestMethod(TestMethodTestDescriptor.java:206)
	at app//org.junit.jupiter.engine.descriptor.TestMethodTestDescriptor.execute(TestMethodTestDescriptor.java:131)
	at app//org.junit.jupiter.engine.descriptor.TestMethodTestDescriptor.execute(TestMethodTestDescriptor.java:65)
	at app//org.junit.platform.engine.support.hierarchical.NodeTestTask.lambda$executeRecursively$5(NodeTestTask.java:139)
	at app//org.junit.platform.engine.support.hierarchical.ThrowableCollector.execute(ThrowableCollector.java:73)
	at app//org.junit.platform.engine.support.hierarchical.NodeTestTask.lambda$executeRecursively$7(NodeTestTask.java:129)
	at app//org.junit.platform.engine.support.hierarchical.Node.around(Node.java:137)
	at app//org.junit.platform.engine.support.hierarchical.NodeTestTask.lambda$executeRecursively$8(NodeTestTask.java:127)
	at app//org.junit.platform.engine.support.hierarchical.ThrowableCollector.execute(ThrowableCollector.java:73)
	at app//org.junit.platform.engine.support.hierarchical.NodeTestTask.executeRecursively(NodeTestTask.java:126)
	at app//org.junit.platform.engine.support.hierarchical.NodeTestTask.execute(NodeTestTask.java:84)
	at java.base@17.0.9/java.util.ArrayList.forEach(ArrayList.java:1511)
	at app//org.junit.platform.engine.support.hierarchical.SameThreadHierarchicalTestExecutorService.invokeAll(SameThreadHierarchicalTestExecutorService.java:38)
	at app//org.junit.platform.engine.support.hierarchical.NodeTestTask.lambda$executeRecursively$5(NodeTestTask.java:143)
	at app//org.junit.platform.engine.support.hierarchical.ThrowableCollector.execute(ThrowableCollector.java:73)
	at app//org.junit.platform.engine.support.hierarchical.NodeTestTask.lambda$executeRecursively$7(NodeTestTask.java:129)
	at app//org.junit.platform.engine.support.hierarchical.Node.around(Node.java:137)
	at app//org.junit.platform.engine.support.hierarchical.NodeTestTask.lambda$executeRecursively$8(NodeTestTask.java:127)
	at app//org.junit.platform.engine.support.hierarchical.ThrowableCollector.execute(ThrowableCollector.java:73)
	at app//org.junit.platform.engine.support.hierarchical.NodeTestTask.executeRecursively(NodeTestTask.java:126)
	at app//org.junit.platform.engine.support.hierarchical.NodeTestTask.execute(NodeTestTask.java:84)
	at java.base@17.0.9/java.util.ArrayList.forEach(ArrayList.java:1511)
	at app//org.junit.platform.engine.support.hierarchical.SameThreadHierarchicalTestExecutorService.invokeAll(SameThreadHierarchicalTestExecutorService.java:38)
	at app//org.junit.platform.engine.support.hierarchical.NodeTestTask.lambda$executeRecursively$5(NodeTestTask.java:143)
	at app//org.junit.platform.engine.support.hierarchical.ThrowableCollector.execute(ThrowableCollector.java:73)
	at app//org.junit.platform.engine.support.hierarchical.NodeTestTask.lambda$executeRecursively$7(NodeTestTask.java:129)
	at app//org.junit.platform.engine.support.hierarchical.Node.around(Node.java:137)
	at app//org.junit.platform.engine.support.hierarchical.NodeTestTask.lambda$executeRecursively$8(NodeTestTask.java:127)
	at app//org.junit.platform.engine.support.hierarchical.ThrowableCollector.execute(ThrowableCollector.java:73)
	at app//org.junit.platform.engine.support.hierarchical.NodeTestTask.executeRecursively(NodeTestTask.java:126)
	at app//org.junit.platform.engine.support.hierarchical.NodeTestTask.execute(NodeTestTask.java:84)
	at app//org.junit.platform.engine.support.hierarchical.SameThreadHierarchicalTestExecutorService.submit(SameThreadHierarchicalTestExecutorService.java:32)
	at app//org.junit.platform.engine.support.hierarchical.HierarchicalTestExecutor.execute(HierarchicalTestExecutor.java:57)
	at app//org.junit.platform.engine.support.hierarchical.HierarchicalTestEngine.execute(HierarchicalTestEngine.java:51)
	at app//org.junit.platform.launcher.core.EngineExecutionOrchestrator.execute(EngineExecutionOrchestrator.java:107)
	at app//org.junit.platform.launcher.core.EngineExecutionOrchestrator.execute(EngineExecutionOrchestrator.java:88)
	at app//org.junit.platform.launcher.core.EngineExecutionOrchestrator.lambda$execute$0(EngineExecutionOrchestrator.java:54)
	at app//org.junit.platform.launcher.core.EngineExecutionOrchestrator.withInterceptedStreams(EngineExecutionOrchestrator.java:67)
	at app//org.junit.platform.launcher.core.EngineExecutionOrchestrator.execute(EngineExecutionOrchestrator.java:52)
	at app//org.junit.platform.launcher.core.DefaultLauncher.execute(DefaultLauncher.java:114)
	at app//org.junit.platform.launcher.core.DefaultLauncher.execute(DefaultLauncher.java:86)
	at app//org.junit.platform.launcher.core.DefaultLauncherSession$DelegatingLauncher.execute(DefaultLauncherSession.java:86)
	at org.gradle.api.internal.tasks.testing.junitplatform.JUnitPlatformTestClassProcessor$CollectAllTestClassesExecutor.processAllTestClasses(JUnitPlatformTestClassProcessor.java:110)
	at org.gradle.api.internal.tasks.testing.junitplatform.JUnitPlatformTestClassProcessor$CollectAllTestClassesExecutor.access$000(JUnitPlatformTestClassProcessor.java:90)
	at org.gradle.api.internal.tasks.testing.junitplatform.JUnitPlatformTestClassProcessor.stop(JUnitPlatformTestClassProcessor.java:85)
	at org.gradle.api.internal.tasks.testing.SuiteTestClassProcessor.stop(SuiteTestClassProcessor.java:62)
	at java.base@17.0.9/jdk.internal.reflect.NativeMethodAccessorImpl.invoke0(Native Method)
	at java.base@17.0.9/jdk.internal.reflect.NativeMethodAccessorImpl.invoke(NativeMethodAccessorImpl.java:77)
	at java.base@17.0.9/jdk.internal.reflect.DelegatingMethodAccessorImpl.invoke(DelegatingMethodAccessorImpl.java:43)
	at java.base@17.0.9/java.lang.reflect.Method.invoke(Method.java:568)
	at org.gradle.internal.dispatch.ReflectionDispatch.dispatch(ReflectionDispatch.java:36)
	at org.gradle.internal.dispatch.ReflectionDispatch.dispatch(ReflectionDispatch.java:24)
	at org.gradle.internal.dispatch.ContextClassLoaderDispatch.dispatch(ContextClassLoaderDispatch.java:33)
	at org.gradle.internal.dispatch.ProxyDispatchAdapter$DispatchingInvocationHandler.invoke(ProxyDispatchAdapter.java:94)
	at jdk.proxy1/jdk.proxy1.$Proxy2.stop(Unknown Source)
	at org.gradle.api.internal.tasks.testing.worker.TestWorker$3.run(TestWorker.java:193)
	at org.gradle.api.internal.tasks.testing.worker.TestWorker.executeAndMaintainThreadName(TestWorker.java:129)
	at org.gradle.api.internal.tasks.testing.worker.TestWorker.execute(TestWorker.java:100)
	at org.gradle.api.internal.tasks.testing.worker.TestWorker.execute(TestWorker.java:60)
	at org.gradle.process.internal.worker.child.ActionExecutionWorker.execute(ActionExecutionWorker.java:56)
	at org.gradle.process.internal.worker.child.SystemApplicationClassLoaderWorker.call(SystemApplicationClassLoaderWorker.java:113)
	at org.gradle.process.internal.worker.child.SystemApplicationClassLoaderWorker.call(SystemApplicationClassLoaderWorker.java:65)
	at app//worker.org.gradle.process.internal.worker.GradleWorkerMain.run(GradleWorkerMain.java:69)
	at app//worker.org.gradle.process.internal.worker.GradleWorkerMain.main(GradleWorkerMain.java:74)
</failure>
  </testcase>
  <system-out><![CDATA[03:48:34.941 [Test worker] DEBUG com.intuit.karate.Suite - [config] classpath:karate-config.js
03:48:34.948 [Test worker] INFO  com.intuit.karate.Suite - backed up existing 'build\karate-reports' dir to: build\karate-reports_1712047714947
03:48:36.049 [Test worker] DEBUG com.intuit.karate - request:
1 > GET https://canales-digitales-ext-qa.apps.ambientesbc.com/alm/api/v1/customer-rules/frontline-response/validate-business-rules
1 > account-type: CUENTA_DE_AHORRO
1 > account-number: 3501000003
1 > channel: BLM
1 > message-id: c4e6bd04-5149-11e7-b114-b2f933d5fe50
1 > device-id: 4bf142c8221b5acc
1 > document-type: TIPDOC_FS001
1 > document-number: 9999002009 
1 > Host: canales-digitales-ext-qa.apps.ambientesbc.com
1 > Connection: Keep-Alive
1 > User-Agent: Apache-HttpClient/4.5.13 (Java/17.0.9)
1 > Accept-Encoding: gzip,deflate


03:48:36.537 [Test worker] DEBUG com.intuit.karate - response time in milliseconds: 445
1 < 503
1 < Server: awselb/2.0
1 < Date: Tue, 02 Apr 2024 08:48:36 GMT
1 < Content-Type: text/html
1 < Connection: keep-alive
1 < Set-Cookie: visid_incap_2706009=b42A6s7hSzKWyI0tKMFChGLGC2YAAAAAQUIPAAAAAADo4fVy04NGjq69qWHGe7nP; expires=Wed, 02 Apr 2025 08:19:23 GMT; HttpOnly; path=/; Domain=.apps.ambientesbc.com; Secure; SameSite=None
1 < Set-Cookie: nlbi_2706009=FV6cIqoUYgr+6OVSxKMXhAAAAAA55ny6ZyMb3OxcJkEK2qOo; path=/; Domain=.apps.ambientesbc.com; Secure; SameSite=None
1 < Set-Cookie: incap_ses_9084_2706009=rlKIGHNPvWX5qKLWHdoQfmPGC2YAAAAAHMwIRPkkQ5JC8ymuYwfb2A==; path=/; Domain=.apps.ambientesbc.com; Secure; SameSite=None
1 < Strict-Transport-Security: max-age=63073000; includeSubDomains; preload
1 < X-CDN: Imperva
1 < Permissions-Policy: geolocation=(self)
1 < Referrer-Policy: same-origin
1 < Content-Security-Policy: frame-ancestors 'self'; upgrade-insecure-requests;Â object-src 'none';
1 < X-Frame-Options: SAMEORIGIN
1 < X-Content-Type-Options: nosniff
1 < Transfer-Encoding: chunked
1 < X-Iinfo: 8-17405274-17405276 NNNN CT(75 76 0) RT(1712047714774 104) q(0 0 2 1) r(3 3) U24
<html>
<head><title>503 Service Temporarily Unavailable</title></head>
<body>
<center><h1>503 Service Temporarily Unavailable</h1></center>
<script type="text/javascript" src="/_Incapsula_Resource?SWJIYLWA=719d34d31c8e3a6e6fffd425f7e032f3&ns=1&cb=594606999" async></script></body>
</html>


03:48:36.541 [Test worker] ERROR com.intuit.karate - classpath:karate/validate_business_rules.feature:16
Then status 200
status code was: 503, expected: 200, response time in milliseconds: 445, url: https://canales-digitales-ext-qa.apps.ambientesbc.com/alm/api/v1/customer-rules/frontline-response/validate-business-rules, response: 
<html>
<head><title>503 Service Temporarily Unavailable</title></head>
<body>
<center><h1>503 Service Temporarily Unavailable</h1></center>
<script type="text/javascript" src="/_Incapsula_Resource?SWJIYLWA=719d34d31c8e3a6e6fffd425f7e032f3&ns=1&cb=594606999" async></script></body>
</html>

classpath:karate/validate_business_rules.feature:16
03:48:36.563 [Test worker] DEBUG com.intuit.karate - request:
1 > GET https://canales-digitales-ext-qa.apps.ambientesbc.com/alm/api/v1/customer-rules/frontline-response/validate-business-rules
1 > account-type: CUENTA_DE_AHORRO
1 > account-number: 3501000003
1 > channel: BLM
1 > message-id: c4e6bd04-5149-11e7-b114-b2f933d5fe50
1 > device-id: 4bf142c8221b5acc
1 > document-number: 1999980969
1 > Host: canales-digitales-ext-qa.apps.ambientesbc.com
1 > Connection: Keep-Alive
1 > User-Agent: Apache-HttpClient/4.5.13 (Java/17.0.9)
1 > Accept-Encoding: gzip,deflate


03:48:36.862 [Test worker] DEBUG com.intuit.karate - response time in milliseconds: 298
1 < 503
1 < Server: awselb/2.0
1 < Date: Tue, 02 Apr 2024 08:48:36 GMT
1 < Content-Type: text/html
1 < Connection: keep-alive
1 < Set-Cookie: visid_incap_2706009=b42A6s7hSzKWyI0tKMFChGLGC2YAAAAAQUIPAAAAAADo4fVy04NGjq69qWHGe7nP; expires=Wed, 02 Apr 2025 08:19:21 GMT; HttpOnly; path=/; Domain=.apps.ambientesbc.com; Secure; SameSite=None
1 < Set-Cookie: nlbi_2706009=cq/YAx+/YmWizctGxKMXhAAAAAC9yDy39tOJFQjvRaAcoYvz; path=/; Domain=.apps.ambientesbc.com; Secure; SameSite=None
1 < Set-Cookie: incap_ses_9084_2706009=GmVmc+j05w75qKLWHdoQfmPGC2YAAAAASCe3T9ZEdfjZZDFm3PFJzg==; path=/; Domain=.apps.ambientesbc.com; Secure; SameSite=None
1 < Strict-Transport-Security: max-age=63073000; includeSubDomains; preload
1 < X-CDN: Imperva
1 < Permissions-Policy: geolocation=(self)
1 < Referrer-Policy: same-origin
1 < Content-Security-Policy: frame-ancestors 'self'; upgrade-insecure-requests;Â object-src 'none';
1 < X-Frame-Options: SAMEORIGIN
1 < X-Content-Type-Options: nosniff
1 < Transfer-Encoding: chunked
1 < X-Iinfo: 15-60748091-60748092 NNNN CT(75 78 0) RT(1712047715226 30) q(0 0 2 0) r(2 2) U24
<html>
<head><title>503 Service Temporarily Unavailable</title></head>
<body>
<center><h1>503 Service Temporarily Unavailable</h1></center>
<script type="text/javascript" src="/_Incapsula_Resource?SWJIYLWA=719d34d31c8e3a6e6fffd425f7e032f3&ns=2&cb=1668979631" async></script></body>
</html>


03:48:36.863 [Test worker] ERROR com.intuit.karate - classpath:karate/validate_business_rules.feature:27
Then status 400
status code was: 503, expected: 400, response time in milliseconds: 298, url: https://canales-digitales-ext-qa.apps.ambientesbc.com/alm/api/v1/customer-rules/frontline-response/validate-business-rules, response: 
<html>
<head><title>503 Service Temporarily Unavailable</title></head>
<body>
<center><h1>503 Service Temporarily Unavailable</h1></center>
<script type="text/javascript" src="/_Incapsula_Resource?SWJIYLWA=719d34d31c8e3a6e6fffd425f7e032f3&ns=2&cb=1668979631" async></script></body>
</html>

classpath:karate/validate_business_rules.feature:27
03:48:36.877 [Test worker] DEBUG com.intuit.karate - request:
1 > GET https://canales-digitales-ext-qa.apps.ambientesbc.com/alm/api/v1/customer-rules/frontline-response/validate-business-rules
1 > account-type: CUENTA_DE_AHORRO
1 > account-number: 3501000003
1 > channel: BLM
1 > message-id: c4e6bd04-5149-11e7-b114-b2f933d5fe50
1 > device-id: 4bf142c8221b5acc
1 > document-type: TIPDOC_FS001
1 > Host: canales-digitales-ext-qa.apps.ambientesbc.com
1 > Connection: Keep-Alive
1 > User-Agent: Apache-HttpClient/4.5.13 (Java/17.0.9)
1 > Accept-Encoding: gzip,deflate


03:48:37.170 [Test worker] DEBUG com.intuit.karate - response time in milliseconds: 292
1 < 503
1 < Server: awselb/2.0
1 < Date: Tue, 02 Apr 2024 08:48:36 GMT
1 < Content-Type: text/html
1 < Connection: keep-alive
1 < Set-Cookie: visid_incap_2706009=b42A6s7hSzKWyI0tKMFChGLGC2YAAAAAQUIPAAAAAADo4fVy04NGjq69qWHGe7nP; expires=Wed, 02 Apr 2025 08:19:22 GMT; HttpOnly; path=/; Domain=.apps.ambientesbc.com; Secure; SameSite=None
1 < Set-Cookie: nlbi_2706009=hroUNioUhD/4Yof1xKMXhAAAAABzcCYEKk6Fgn2ZggSX8PGG; path=/; Domain=.apps.ambientesbc.com; Secure; SameSite=None
1 < Set-Cookie: incap_ses_9084_2706009=scOGAk/8Nwf5qKLWHdoQfmPGC2YAAAAAqTJmv5v4h4NHI5f6M0Emiw==; path=/; Domain=.apps.ambientesbc.com; Secure; SameSite=None
1 < Strict-Transport-Security: max-age=63073000; includeSubDomains; preload
1 < X-CDN: Imperva
1 < Permissions-Policy: geolocation=(self)
1 < Referrer-Policy: same-origin
1 < Content-Security-Policy: frame-ancestors 'self'; upgrade-insecure-requests;Â object-src 'none';
1 < X-Frame-Options: SAMEORIGIN
1 < X-Content-Type-Options: nosniff
1 < Transfer-Encoding: chunked
1 < X-Iinfo: 9-24572765-24572766 NNNN CT(76 76 0) RT(1712047715540 23) q(0 0 2 0) r(2 2) U24
<html>
<head><title>503 Service Temporarily Unavailable</title></head>
<body>
<center><h1>503 Service Temporarily Unavailable</h1></center>
<script type="text/javascript" src="/_Incapsula_Resource?SWJIYLWA=719d34d31c8e3a6e6fffd425f7e032f3&ns=3&cb=873287953" async></script></body>
</html>


03:48:37.173 [Test worker] ERROR com.intuit.karate - classpath:karate/validate_business_rules.feature:38
Then status 400
status code was: 503, expected: 400, response time in milliseconds: 292, url: https://canales-digitales-ext-qa.apps.ambientesbc.com/alm/api/v1/customer-rules/frontline-response/validate-business-rules, response: 
<html>
<head><title>503 Service Temporarily Unavailable</title></head>
<body>
<center><h1>503 Service Temporarily Unavailable</h1></center>
<script type="text/javascript" src="/_Incapsula_Resource?SWJIYLWA=719d34d31c8e3a6e6fffd425f7e032f3&ns=3&cb=873287953" async></script></body>
</html>

classpath:karate/validate_business_rules.feature:38
03:48:37.187 [Test worker] DEBUG com.intuit.karate - request:
1 > GET https://canales-digitales-ext-qa.apps.ambientesbc.com/alm/api/v1/customer-rules/frontline-response/validate-business-rules
1 > account-type: CUENTA_DE_AHORRO
1 > account-number: 3501000003
1 > channel: BLM
1 > message-id: c4e6bd04-5149-11e7-b114-b2f933d5fe50
1 > document-number: 1999980969
1 > document-type: TIPDOC_FS001
1 > Host: canales-digitales-ext-qa.apps.ambientesbc.com
1 > Connection: Keep-Alive
1 > User-Agent: Apache-HttpClient/4.5.13 (Java/17.0.9)
1 > Accept-Encoding: gzip,deflate


03:48:37.475 [Test worker] DEBUG com.intuit.karate - response time in milliseconds: 288
1 < 503
1 < Server: awselb/2.0
1 < Date: Tue, 02 Apr 2024 08:48:37 GMT
1 < Content-Type: text/html
1 < Connection: keep-alive
1 < Set-Cookie: visid_incap_2706009=b42A6s7hSzKWyI0tKMFChGLGC2YAAAAAQUIPAAAAAADo4fVy04NGjq69qWHGe7nP; expires=Wed, 02 Apr 2025 08:19:26 GMT; HttpOnly; path=/; Domain=.apps.ambientesbc.com; Secure; SameSite=None
1 < Set-Cookie: nlbi_2706009=cltuDKsRI0UkiTxzxKMXhAAAAAC9fkEJbmp2MR9ZkPBNttcB; path=/; Domain=.apps.ambientesbc.com; Secure; SameSite=None
1 < Set-Cookie: incap_ses_9084_2706009=qs1mVDXPSxH5qKLWHdoQfmTGC2YAAAAAyMDThSxcIqSIjYIxHSXYtw==; path=/; Domain=.apps.ambientesbc.com; Secure; SameSite=None
1 < Strict-Transport-Security: max-age=63073000; includeSubDomains; preload
1 < X-CDN: Imperva
1 < Permissions-Policy: geolocation=(self)
1 < Referrer-Policy: same-origin
1 < Content-Security-Policy: frame-ancestors 'self'; upgrade-insecure-requests;Â object-src 'none';
1 < X-Frame-Options: SAMEORIGIN
1 < X-Content-Type-Options: nosniff
1 < Transfer-Encoding: chunked
1 < X-Iinfo: 6-6546282-6546283 NNNN CT(75 76 0) RT(1712047715850 22) q(0 0 2 0) r(2 3) U24
<html>
<head><title>503 Service Temporarily Unavailable</title></head>
<body>
<center><h1>503 Service Temporarily Unavailable</h1></center>
<script type="text/javascript" src="/_Incapsula_Resource?SWJIYLWA=719d34d31c8e3a6e6fffd425f7e032f3&ns=4&cb=118690845" async></script></body>
</html>


03:48:37.477 [Test worker] ERROR com.intuit.karate - classpath:karate/validate_business_rules.feature:50
Then status 400
status code was: 503, expected: 400, response time in milliseconds: 288, url: https://canales-digitales-ext-qa.apps.ambientesbc.com/alm/api/v1/customer-rules/frontline-response/validate-business-rules, response: 
<html>
<head><title>503 Service Temporarily Unavailable</title></head>
<body>
<center><h1>503 Service Temporarily Unavailable</h1></center>
<script type="text/javascript" src="/_Incapsula_Resource?SWJIYLWA=719d34d31c8e3a6e6fffd425f7e032f3&ns=4&cb=118690845" async></script></body>
</html>

classpath:karate/validate_business_rules.feature:50
03:48:37.491 [Test worker] DEBUG com.intuit.karate - request:
1 > GET https://canales-digitales-ext-qa.apps.ambientesbc.com/alm/api/v1/customer-rules/frontline-response/validate-business-rules
1 > account-type: CUENTA_DE_AHORRO
1 > channel: BLM
1 > message-id: c4e6bd04-5149-11e7-b114-b2f933d5fe50
1 > device-id: 4bf142c8221b5acc
1 > document-number: 1999980969
1 > document-type: TIPDOC_FS001
1 > Host: canales-digitales-ext-qa.apps.ambientesbc.com
1 > Connection: Keep-Alive
1 > User-Agent: Apache-HttpClient/4.5.13 (Java/17.0.9)
1 > Accept-Encoding: gzip,deflate


03:48:37.783 [Test worker] DEBUG com.intuit.karate - response time in milliseconds: 291
1 < 503
1 < Server: awselb/2.0
1 < Date: Tue, 02 Apr 2024 08:48:37 GMT
1 < Content-Type: text/html
1 < Connection: keep-alive
1 < Set-Cookie: visid_incap_2706009=b42A6s7hSzKWyI0tKMFChGLGC2YAAAAAQUIPAAAAAADo4fVy04NGjq69qWHGe7nP; expires=Wed, 02 Apr 2025 08:19:20 GMT; HttpOnly; path=/; Domain=.apps.ambientesbc.com; Secure; SameSite=None
1 < Set-Cookie: nlbi_2706009=C3gSbVrBU0k9w2fvxKMXhAAAAADFP588O9wwzJOc30c+74+K; path=/; Domain=.apps.ambientesbc.com; Secure; SameSite=None
1 < Set-Cookie: incap_ses_9084_2706009=wylYNpkgyUz5qKLWHdoQfmTGC2YAAAAA4pWH9yqxNV7qPC5M7XjNqA==; path=/; Domain=.apps.ambientesbc.com; Secure; SameSite=None
1 < Strict-Transport-Security: max-age=63073000; includeSubDomains; preload
1 < X-CDN: Imperva
1 < Permissions-Policy: geolocation=(self)
1 < Referrer-Policy: same-origin
1 < Content-Security-Policy: frame-ancestors 'self'; upgrade-insecure-requests;Â object-src 'none';
1 < X-Frame-Options: SAMEORIGIN
1 < X-Content-Type-Options: nosniff
1 < Transfer-Encoding: chunked
1 < X-Iinfo: 17-85502087-85502088 NNNN CT(75 77 0) RT(1712047716156 23) q(0 0 2 0) r(3 3) U24
<html>
<head><title>503 Service Temporarily Unavailable</title></head>
<body>
<center><h1>503 Service Temporarily Unavailable</h1></center>
<script type="text/javascript" src="/_Incapsula_Resource?SWJIYLWA=719d34d31c8e3a6e6fffd425f7e032f3&ns=5&cb=1950999014" async></script></body>
</html>


03:48:37.786 [Test worker] ERROR com.intuit.karate - classpath:karate/validate_business_rules.feature:61
Then status 400
status code was: 503, expected: 400, response time in milliseconds: 291, url: https://canales-digitales-ext-qa.apps.ambientesbc.com/alm/api/v1/customer-rules/frontline-response/validate-business-rules, response: 
<html>
<head><title>503 Service Temporarily Unavailable</title></head>
<body>
<center><h1>503 Service Temporarily Unavailable</h1></center>
<script type="text/javascript" src="/_Incapsula_Resource?SWJIYLWA=719d34d31c8e3a6e6fffd425f7e032f3&ns=5&cb=1950999014" async></script></body>
</html>

classpath:karate/validate_business_rules.feature:61
03:48:37.806 [Test worker] DEBUG com.intuit.karate - request:
1 > GET https://canales-digitales-ext-qa.apps.ambientesbc.com/alm/api/v1/customer-rules/frontline-response/validate-business-rules
1 > account-number: 3501000003
1 > channel: BLM
1 > message-id: c4e6bd04-5149-11e7-b114-b2f933d5fe50
1 > device-id: 4bf142c8221b5acc
1 > document-number: 1999980969
1 > document-type: TIPDOC_FS001
1 > Host: canales-digitales-ext-qa.apps.ambientesbc.com
1 > Connection: Keep-Alive
1 > User-Agent: Apache-HttpClient/4.5.13 (Java/17.0.9)
1 > Accept-Encoding: gzip,deflate


03:48:38.101 [Test worker] DEBUG com.intuit.karate - response time in milliseconds: 295
1 < 503
1 < Server: awselb/2.0
1 < Date: Tue, 02 Apr 2024 08:48:37 GMT
1 < Content-Type: text/html
1 < Connection: keep-alive
1 < Set-Cookie: visid_incap_2706009=b42A6s7hSzKWyI0tKMFChGLGC2YAAAAAQUIPAAAAAADo4fVy04NGjq69qWHGe7nP; expires=Wed, 02 Apr 2025 08:19:22 GMT; HttpOnly; path=/; Domain=.apps.ambientesbc.com; Secure; SameSite=None
1 < Set-Cookie: nlbi_2706009=LwThOKuC324h1/YCxKMXhAAAAACyzKOyezOIVOgXhbSuIREx; path=/; Domain=.apps.ambientesbc.com; Secure; SameSite=None
1 < Set-Cookie: incap_ses_9084_2706009=1SJCK4WBXBP5qKLWHdoQfmTGC2YAAAAAd6q72Y+dOm9QuxmOi6fZwQ==; path=/; Domain=.apps.ambientesbc.com; Secure; SameSite=None
1 < Strict-Transport-Security: max-age=63073000; includeSubDomains; preload
1 < X-CDN: Imperva
1 < Permissions-Policy: geolocation=(self)
1 < Referrer-Policy: same-origin
1 < Content-Security-Policy: frame-ancestors 'self'; upgrade-insecure-requests;Â object-src 'none';
1 < X-Frame-Options: SAMEORIGIN
1 < X-Content-Type-Options: nosniff
1 < Transfer-Encoding: chunked
1 < X-Iinfo: 9-24572783-24572784 NNNN CT(75 76 0) RT(1712047716472 22) q(0 0 2 0) r(3 3) U24
<html>
<head><title>503 Service Temporarily Unavailable</title></head>
<body>
<center><h1>503 Service Temporarily Unavailable</h1></center>
<script type="text/javascript" src="/_Incapsula_Resource?SWJIYLWA=719d34d31c8e3a6e6fffd425f7e032f3&ns=6&cb=1783272578" async></script></body>
</html>


03:48:38.102 [Test worker] ERROR com.intuit.karate - classpath:karate/validate_business_rules.feature:72
Then status 400
status code was: 503, expected: 400, response time in milliseconds: 295, url: https://canales-digitales-ext-qa.apps.ambientesbc.com/alm/api/v1/customer-rules/frontline-response/validate-business-rules, response: 
<html>
<head><title>503 Service Temporarily Unavailable</title></head>
<body>
<center><h1>503 Service Temporarily Unavailable</h1></center>
<script type="text/javascript" src="/_Incapsula_Resource?SWJIYLWA=719d34d31c8e3a6e6fffd425f7e032f3&ns=6&cb=1783272578" async></script></body>
</html>

classpath:karate/validate_business_rules.feature:72
---------------------------------------------------------
feature: classpath:karate/validate_business_rules.feature
scenarios:  6 | passed:  0 | failed:  6 | time: 2,1593
---------------------------------------------------------

03:48:38.785 [Test worker] INFO  com.intuit.karate.Suite - <<fail>> feature 1 of 1 (0 remaining) classpath:karate/validate_business_rules.feature
Karate version: 1.3.1
======================================================
elapsed:   4,58 | threads:    1 | thread time: 2,16 
features:     1 | skipped:    0 | efficiency: 0,47
scenarios:    6 | passed:     0 | failed: 6
======================================================
>>> failed features:
status code was: 503, expected: 200, response time in milliseconds: 445, url: https://canales-digitales-ext-qa.apps.ambientesbc.com/alm/api/v1/customer-rules/frontline-response/validate-business-rules, response: 
<html>
<head><title>503 Service Temporarily Unavailable</title></head>
<body>
<center><h1>503 Service Temporarily Unavailable</h1></center>
<script type="text/javascript" src="/_Incapsula_Resource?SWJIYLWA=719d34d31c8e3a6e6fffd425f7e032f3&ns=1&cb=594606999" async></script></body>
</html>

classpath:karate/validate_business_rules.feature:16
status code was: 503, expected: 400, response time in milliseconds: 298, url: https://canales-digitales-ext-qa.apps.ambientesbc.com/alm/api/v1/customer-rules/frontline-response/validate-business-rules, response: 
<html>
<head><title>503 Service Temporarily Unavailable</title></head>
<body>
<center><h1>503 Service Temporarily Unavailable</h1></center>
<script type="text/javascript" src="/_Incapsula_Resource?SWJIYLWA=719d34d31c8e3a6e6fffd425f7e032f3&ns=2&cb=1668979631" async></script></body>
</html>

classpath:karate/validate_business_rules.feature:27
status code was: 503, expected: 400, response time in milliseconds: 292, url: https://canales-digitales-ext-qa.apps.ambientesbc.com/alm/api/v1/customer-rules/frontline-response/validate-business-rules, response: 
<html>
<head><title>503 Service Temporarily Unavailable</title></head>
<body>
<center><h1>503 Service Temporarily Unavailable</h1></center>
<script type="text/javascript" src="/_Incapsula_Resource?SWJIYLWA=719d34d31c8e3a6e6fffd425f7e032f3&ns=3&cb=873287953" async></script></body>
</html>

classpath:karate/validate_business_rules.feature:38
status code was: 503, expected: 400, response time in milliseconds: 288, url: https://canales-digitales-ext-qa.apps.ambientesbc.com/alm/api/v1/customer-rules/frontline-response/validate-business-rules, response: 
<html>
<head><title>503 Service Temporarily Unavailable</title></head>
<body>
<center><h1>503 Service Temporarily Unavailable</h1></center>
<script type="text/javascript" src="/_Incapsula_Resource?SWJIYLWA=719d34d31c8e3a6e6fffd425f7e032f3&ns=4&cb=118690845" async></script></body>
</html>

classpath:karate/validate_business_rules.feature:50
status code was: 503, expected: 400, response time in milliseconds: 291, url: https://canales-digitales-ext-qa.apps.ambientesbc.com/alm/api/v1/customer-rules/frontline-response/validate-business-rules, response: 
<html>
<head><title>503 Service Temporarily Unavailable</title></head>
<body>
<center><h1>503 Service Temporarily Unavailable</h1></center>
<script type="text/javascript" src="/_Incapsula_Resource?SWJIYLWA=719d34d31c8e3a6e6fffd425f7e032f3&ns=5&cb=1950999014" async></script></body>
</html>

classpath:karate/validate_business_rules.feature:61
status code was: 503, expected: 400, response time in milliseconds: 295, url: https://canales-digitales-ext-qa.apps.ambientesbc.com/alm/api/v1/customer-rules/frontline-response/validate-business-rules, response: 
<html>
<head><title>503 Service Temporarily Unavailable</title></head>
<body>
<center><h1>503 Service Temporarily Unavailable</h1></center>
<script type="text/javascript" src="/_Incapsula_Resource?SWJIYLWA=719d34d31c8e3a6e6fffd425f7e032f3&ns=6&cb=1783272578" async></script></body>
</html>

classpath:karate/validate_business_rules.feature:72
<<<

HTML report: (paste into browser to view) | Karate version: 1.3.1
file:///C:/Users/Usuario/Documents/Repositorios/AW0955001_ALM_MR/ch_ms_customer_rules/deployment/acceptance-test/build/karate-reports/karate-summary.html
===================================================================

]]></system-out>
  <system-err><![CDATA[abr 02, 2024 3:48:38 A. M. net.masterthought.cucumber.ReportParser parseJsonFiles
INFO: File 'C:\Users\Usuario\Documents\Repositorios\AW0955001_ALM_MR\ch_ms_customer_rules\deployment\acceptance-test\build\karate-reports\karate.validate_business_rules.json' contains 1 feature(s)
]]></system-err>
</testsuite>
