<?xml version="1.0" encoding="UTF-8"?>
<testsuite name="TestParallel" tests="1" skipped="0" failures="0" errors="0" timestamp="2024-04-02T21:13:49" hostname="DESKTOP-0LRDBN7" time="3.705">
  <properties/>
  <testcase name="testAll()" classname="TestParallel" time="3.705"/>
  <system-out><![CDATA[16:13:50.308 [Test worker] DEBUG com.intuit.karate.Suite - [config] classpath:karate-config.js
16:13:50.313 [Test worker] INFO  com.intuit.karate.Suite - backed up existing 'build\karate-reports' dir to: build\karate-reports_1712092430312
16:13:51.288 [Test worker] DEBUG com.intuit.karate - request:
1 > GET http://localhost:8080/api/v1/users
1 > Host: localhost:8080
1 > Connection: Keep-Alive
1 > User-Agent: Apache-HttpClient/4.5.13 (Java/17.0.9)
1 > Accept-Encoding: gzip,deflate


16:13:51.315 [Test worker] DEBUG com.intuit.karate - response time in milliseconds: 25
1 < 200
1 < Content-Type: application/json
1 < Content-Length: 638
{"users":[{"id":"65f3947bb3c3d10286754f5a","username":"prueba7","password":"123456","email":"prueba7@prueba.com"},{"id":"660b711e8306ec2895e3b3c4","username":"prueba1","password":"123456789","email":"prueba1@prueba.com"},{"id":"660b71278306ec2895e3b3c5","username":"prueba2","password":"123456","email":"prueba2@prueba.com"},{"id":"660b712e8306ec2895e3b3c6","username":"prueba3","password":"123456","email":"prueba3@prueba.com"},{"id":"660b71348306ec2895e3b3c7","username":"prueba4","password":"123456","email":"prueba4@prueba.com"},{"id":"660b713d8306ec2895e3b3c8","username":"prueba5","password":"123456","email":"prueba5@prueba.com"}]}

16:13:51.377 [Test worker] DEBUG com.intuit.karate - request:
1 > POST http://localhost:8080/api/v1/users/login
1 > Content-Type: application/json; charset=UTF-8
1 > Content-Length: 55
1 > Host: localhost:8080
1 > Connection: Keep-Alive
1 > User-Agent: Apache-HttpClient/4.5.13 (Java/17.0.9)
1 > Accept-Encoding: gzip,deflate
{"login":{"username":"prueba1","password":"123456789"}}

16:13:51.385 [Test worker] DEBUG com.intuit.karate - response time in milliseconds: 7
1 < 200
1 < Content-Type: application/json
1 < Content-Length: 191
{"token":"eyJhbGciOiJIUzI1NiJ9.eyJzdWIiOiJwcnVlYmExIiwiaXNzIjoiaW5nZXNpcy51bmlxdWluZGlvLmVkdS5jbyIsImlhdCI6MTcxMjA5MjQzMSwiZXhwIjoxNzEyMDk2MDMxfQ.4cYYzpW-GaKSd6uQOHXnKIRPJsyie-DBwt0qa1vb_1E"}

16:13:51.401 [Test worker] DEBUG com.intuit.karate - request:
1 > POST http://localhost:8080/api/v1/users/login
1 > Content-Type: application/json; charset=UTF-8
1 > Content-Length: 58
1 > Host: localhost:8080
1 > Connection: Keep-Alive
1 > User-Agent: Apache-HttpClient/4.5.13 (Java/17.0.9)
1 > Accept-Encoding: gzip,deflate
{"login":{"username":"prueba1222","password":"123456789"}}

16:13:51.408 [Test worker] DEBUG com.intuit.karate - response time in milliseconds: 7
1 < 404
1 < Content-Type: application/json
1 < Content-Length: 87
{"errors":[{"httpStatus":404,"domain":"POST:/users/login","message":"Not found user"}]}

16:13:51.420 [Test worker] DEBUG com.intuit.karate - request:
1 > POST http://localhost:8080/api/v1/users/login
1 > Content-Type: application/json; charset=UTF-8
1 > Content-Length: 59
1 > Host: localhost:8080
1 > Connection: Keep-Alive
1 > User-Agent: Apache-HttpClient/4.5.13 (Java/17.0.9)
1 > Accept-Encoding: gzip,deflate
{"login":{"username":"prueba1","password":"1234567891111"}}

16:13:51.428 [Test worker] DEBUG com.intuit.karate - response time in milliseconds: 7
1 < 401
1 < Content-Type: application/json
1 < Content-Length: 105
{"errors":[{"httpStatus":401,"domain":"POST:/users/login","message":"Unauthorized: Incorrect password"}]}

16:13:51.443 [Test worker] DEBUG com.intuit.karate - request:
1 > GET http://localhost:8080/api/v1/users
1 > Host: localhost:8080
1 > Connection: Keep-Alive
1 > User-Agent: Apache-HttpClient/4.5.13 (Java/17.0.9)
1 > Accept-Encoding: gzip,deflate


16:13:51.449 [Test worker] DEBUG com.intuit.karate - response time in milliseconds: 6
1 < 200
1 < Content-Type: application/json
1 < Content-Length: 638
{"users":[{"id":"65f3947bb3c3d10286754f5a","username":"prueba7","password":"123456","email":"prueba7@prueba.com"},{"id":"660b711e8306ec2895e3b3c4","username":"prueba1","password":"123456789","email":"prueba1@prueba.com"},{"id":"660b71278306ec2895e3b3c5","username":"prueba2","password":"123456","email":"prueba2@prueba.com"},{"id":"660b712e8306ec2895e3b3c6","username":"prueba3","password":"123456","email":"prueba3@prueba.com"},{"id":"660b71348306ec2895e3b3c7","username":"prueba4","password":"123456","email":"prueba4@prueba.com"},{"id":"660b713d8306ec2895e3b3c8","username":"prueba5","password":"123456","email":"prueba5@prueba.com"}]}

16:13:51.461 [Test worker] DEBUG com.intuit.karate - request:
1 > POST http://localhost:8080/api/v1/users/login
1 > Content-Type: application/json; charset=UTF-8
1 > Content-Length: 55
1 > Host: localhost:8080
1 > Connection: Keep-Alive
1 > User-Agent: Apache-HttpClient/4.5.13 (Java/17.0.9)
1 > Accept-Encoding: gzip,deflate
{"login":{"username":"prueba1","password":"123456789"}}

16:13:51.468 [Test worker] DEBUG com.intuit.karate - response time in milliseconds: 7
1 < 200
1 < Content-Type: application/json
1 < Content-Length: 191
{"token":"eyJhbGciOiJIUzI1NiJ9.eyJzdWIiOiJwcnVlYmExIiwiaXNzIjoiaW5nZXNpcy51bmlxdWluZGlvLmVkdS5jbyIsImlhdCI6MTcxMjA5MjQzMSwiZXhwIjoxNzEyMDk2MDMxfQ.4cYYzpW-GaKSd6uQOHXnKIRPJsyie-DBwt0qa1vb_1E"}

16:13:51.475 [Test worker] DEBUG com.intuit.karate - request:
2 > PUT http://localhost:8080/api/v1/users/password
2 > Authorization: eyJhbGciOiJIUzI1NiJ9.eyJzdWIiOiJwcnVlYmExIiwiaXNzIjoiaW5nZXNpcy51bmlxdWluZGlvLmVkdS5jbyIsImlhdCI6MTcxMjA5MjQzMSwiZXhwIjoxNzEyMDk2MDMxfQ.4cYYzpW-GaKSd6uQOHXnKIRPJsyie-DBwt0qa1vb_1E
2 > Content-Type: application/json; charset=UTF-8
2 > Content-Length: 24
2 > Host: localhost:8080
2 > Connection: Keep-Alive
2 > User-Agent: Apache-HttpClient/4.5.13 (Java/17.0.9)
2 > Accept-Encoding: gzip,deflate
{"password":"123456789"}

16:13:51.486 [Test worker] DEBUG com.intuit.karate - response time in milliseconds: 10
2 < 200
2 < Content-Type: application/json
2 < Content-Length: 106
{"id":"660b711e8306ec2895e3b3c4","username":"prueba1","password":"123456789","email":"prueba1@prueba.com"}

16:13:51.496 [Test worker] DEBUG com.intuit.karate - request:
1 > PUT http://localhost:8080/api/v1/users/password
1 > Authorization: Bearer
1 > Content-Type: application/json; charset=UTF-8
1 > Content-Length: 24
1 > Host: localhost:8080
1 > Connection: Keep-Alive
1 > User-Agent: Apache-HttpClient/4.5.13 (Java/17.0.9)
1 > Accept-Encoding: gzip,deflate
{"password":"123456789"}

16:13:51.502 [Test worker] DEBUG com.intuit.karate - response time in milliseconds: 5
1 < 401
1 < Content-Type: application/json
1 < Content-Length: 90
{"errors":[{"httpStatus":401,"domain":"PUT:/users/password","message":"Token malformed"}]}

16:13:51.512 [Test worker] DEBUG com.intuit.karate - request:
1 > PUT http://localhost:8080/api/v1/users/password
1 > Authorization: eyJhbGciOiJIUzI1NiJ9.eyJzdWIiOiJwcnVlYmExIiwiaXNzIjoiaW5nZXNpcy51bmlxdWluZGlvLmVkdS5jbyIsImlhdCI6MTcxMjAzNjUyMSwiZXhwIjoxNzEyMDM2NTIyfQ.2Y-z7uC_P6Elpvv7hqzv76-xX-mSx3xMf_hlt2Csq68
1 > Content-Type: application/json; charset=UTF-8
1 > Content-Length: 24
1 > Host: localhost:8080
1 > Connection: Keep-Alive
1 > User-Agent: Apache-HttpClient/4.5.13 (Java/17.0.9)
1 > Accept-Encoding: gzip,deflate
{"password":"123456789"}

16:13:51.519 [Test worker] DEBUG com.intuit.karate - response time in milliseconds: 6
1 < 401
1 < Content-Type: application/json
1 < Content-Length: 88
{"errors":[{"httpStatus":401,"domain":"PUT:/users/password","message":"Expired token"}]}

16:13:51.530 [Test worker] DEBUG com.intuit.karate - request:
1 > POST http://localhost:8080/api/v1/users
1 > Content-Type: application/json; charset=UTF-8
1 > Content-Length: 85
1 > Host: localhost:8080
1 > Connection: Keep-Alive
1 > User-Agent: Apache-HttpClient/4.5.13 (Java/17.0.9)
1 > Accept-Encoding: gzip,deflate
{"user":{"username":"prueba10","password":"123456789","email":"prueba10@prueba.com"}}

16:13:51.537 [Test worker] DEBUG com.intuit.karate - response time in milliseconds: 7
1 < 201
1 < Content-Type: application/json
1 < Content-Length: 117
{"user":{"id":"660c750f53a85b3aecb250f9","username":"prueba10","password":"123456789","email":"prueba10@prueba.com"}}

16:13:51.547 [Test worker] DEBUG com.intuit.karate - request:
2 > DELETE http://localhost:8080/api/v1/users/660c750f53a85b3aecb250f9
2 > Host: localhost:8080
2 > Connection: Keep-Alive
2 > User-Agent: Apache-HttpClient/4.5.13 (Java/17.0.9)
2 > Accept-Encoding: gzip,deflate


16:13:51.555 [Test worker] DEBUG com.intuit.karate - response time in milliseconds: 8
2 < 204


16:13:51.567 [Test worker] DEBUG com.intuit.karate - request:
1 > POST http://localhost:8080/api/v1/users
1 > Content-Type: application/json; charset=UTF-8
1 > Content-Length: 63
1 > Host: localhost:8080
1 > Connection: Keep-Alive
1 > User-Agent: Apache-HttpClient/4.5.13 (Java/17.0.9)
1 > Accept-Encoding: gzip,deflate
{"user":{"password":"123456789","email":"prueba10@prueba.com"}}

16:13:51.572 [Test worker] DEBUG com.intuit.karate - response time in milliseconds: 5
1 < 400
1 < Content-Type: application/json
1 < Content-Length: 97
{"errors":[{"httpStatus":400,"domain":"POST:/users","message":"The username field is required"}]}

16:13:51.595 [Test worker] DEBUG com.intuit.karate - request:
1 > POST http://localhost:8080/api/v1/users
1 > Content-Type: application/json; charset=UTF-8
1 > Content-Length: 55
1 > Host: localhost:8080
1 > Connection: Keep-Alive
1 > User-Agent: Apache-HttpClient/4.5.13 (Java/17.0.9)
1 > Accept-Encoding: gzip,deflate
{"user":{"username":"prueba10","password":"123456789"}}

16:13:51.601 [Test worker] DEBUG com.intuit.karate - response time in milliseconds: 5
1 < 400
1 < Content-Type: application/json
1 < Content-Length: 94
{"errors":[{"httpStatus":400,"domain":"POST:/users","message":"The email field is required"}]}

16:13:51.611 [Test worker] DEBUG com.intuit.karate - request:
1 > POST http://localhost:8080/api/v1/users
1 > Content-Type: application/json; charset=UTF-8
1 > Content-Length: 62
1 > Host: localhost:8080
1 > Connection: Keep-Alive
1 > User-Agent: Apache-HttpClient/4.5.13 (Java/17.0.9)
1 > Accept-Encoding: gzip,deflate
{"user":{"username":"prueba10","email":"prueba10@prueba.com"}}

16:13:51.616 [Test worker] DEBUG com.intuit.karate - response time in milliseconds: 5
1 < 400
1 < Content-Type: application/json
1 < Content-Length: 96
{"errors":[{"httpStatus":400,"domain":"POST:/users","message":"The password field is require"}]}

16:13:51.626 [Test worker] DEBUG com.intuit.karate - request:
1 > POST http://localhost:8080/api/v1/users
1 > Content-Type: application/json; charset=UTF-8
1 > Content-Length: 85
1 > Host: localhost:8080
1 > Connection: Keep-Alive
1 > User-Agent: Apache-HttpClient/4.5.13 (Java/17.0.9)
1 > Accept-Encoding: gzip,deflate
{"user":{"username":"prueba10","password":"123456789","email":"prueba10@prueba.com"}}

16:13:51.633 [Test worker] DEBUG com.intuit.karate - response time in milliseconds: 6
1 < 201
1 < Content-Type: application/json
1 < Content-Length: 117
{"user":{"id":"660c750f53a85b3aecb250fa","username":"prueba10","password":"123456789","email":"prueba10@prueba.com"}}

16:13:51.637 [Test worker] DEBUG com.intuit.karate - request:
2 > DELETE http://localhost:8080/api/v1/users/660c750f53a85b3aecb250fa
2 > Host: localhost:8080
2 > Connection: Keep-Alive
2 > User-Agent: Apache-HttpClient/4.5.13 (Java/17.0.9)
2 > Accept-Encoding: gzip,deflate


16:13:51.644 [Test worker] DEBUG com.intuit.karate - response time in milliseconds: 5
2 < 204


16:13:51.653 [Test worker] DEBUG com.intuit.karate - request:
1 > GET http://localhost:8080/api/v1/users/660b711e8306ec2895e3b3c4
1 > Host: localhost:8080
1 > Connection: Keep-Alive
1 > User-Agent: Apache-HttpClient/4.5.13 (Java/17.0.9)
1 > Accept-Encoding: gzip,deflate


16:13:51.658 [Test worker] DEBUG com.intuit.karate - response time in milliseconds: 5
1 < 200
1 < Content-Type: application/json
1 < Content-Length: 115
{"user":{"id":"660b711e8306ec2895e3b3c4","username":"prueba1","password":"123456789","email":"prueba1@prueba.com"}}

16:13:51.665 [Test worker] DEBUG com.intuit.karate - request:
1 > GET http://localhost:8080/api/v1/users/1234567
1 > Host: localhost:8080
1 > Connection: Keep-Alive
1 > User-Agent: Apache-HttpClient/4.5.13 (Java/17.0.9)
1 > Accept-Encoding: gzip,deflate


16:13:51.671 [Test worker] DEBUG com.intuit.karate - response time in milliseconds: 5
1 < 404
1 < Content-Type: application/json
1 < Content-Length: 88
{"errors":[{"httpStatus":404,"domain":"GET:/users/1234567","message":"Not found user"}]}

16:13:51.679 [Test worker] DEBUG com.intuit.karate - request:
1 > PUT http://localhost:8080/api/v1/users
1 > Content-Type: application/json; charset=UTF-8
1 > Content-Length: 115
1 > Host: localhost:8080
1 > Connection: Keep-Alive
1 > User-Agent: Apache-HttpClient/4.5.13 (Java/17.0.9)
1 > Accept-Encoding: gzip,deflate
{"user":{"id":"660b711e8306ec2895e3b3c4","username":"prueba1","password":"123456789","email":"prueba1@prueba.com"}}

16:13:51.686 [Test worker] DEBUG com.intuit.karate - response time in milliseconds: 7
1 < 200
1 < Content-Type: application/json
1 < Content-Length: 115
{"user":{"id":"660b711e8306ec2895e3b3c4","username":"prueba1","password":"123456789","email":"prueba1@prueba.com"}}

16:13:51.694 [Test worker] DEBUG com.intuit.karate - request:
1 > PUT http://localhost:8080/api/v1/users
1 > Content-Type: application/json; charset=UTF-8
1 > Content-Length: 118
1 > Host: localhost:8080
1 > Connection: Keep-Alive
1 > User-Agent: Apache-HttpClient/4.5.13 (Java/17.0.9)
1 > Accept-Encoding: gzip,deflate
{"user":{"id":"660b711e8306ec2895e3b3c4222","username":"prueba1","password":"123456789","email":"prueba1@prueba.com"}}

16:13:51.700 [Test worker] DEBUG com.intuit.karate - response time in milliseconds: 5
1 < 404
1 < Content-Type: application/json
1 < Content-Length: 80
{"errors":[{"httpStatus":404,"domain":"PUT:/users","message":"Not found user"}]}

---------------------------------------------------------
feature: classpath:karate/user.feature
scenarios: 17 | passed: 17 | failed:  0 | time: 0,4398
---------------------------------------------------------

16:13:52.427 [Test worker] INFO  com.intuit.karate.Suite - <<pass>> feature 1 of 1 (0 remaining) classpath:karate/user.feature
Karate version: 1.3.1
======================================================
elapsed:   2,82 | threads:    1 | thread time: 0,44 
features:     1 | skipped:    0 | efficiency: 0,16
scenarios:   17 | passed:    17 | failed: 0
======================================================

HTML report: (paste into browser to view) | Karate version: 1.3.1
file:///C:/Users/Usuario/Documents/Repositorios/Talleres/acceptance-test/build/karate-reports/karate-summary.html
===================================================================

]]></system-out>
  <system-err><![CDATA[abr 02, 2024 4:13:52 P. M. net.masterthought.cucumber.ReportParser parseJsonFiles
INFO: File 'C:\Users\Usuario\Documents\Repositorios\Talleres\acceptance-test\build\karate-reports\karate.user.json' contains 1 feature(s)
]]></system-err>
</testsuite>
