<?xml version="1.0" encoding="UTF-8"?>
<testsuite name="TestParallel" tests="1" skipped="0" failures="0" errors="0" timestamp="2024-04-02T21:35:44" hostname="DESKTOP-0LRDBN7" time="3.865">
  <properties/>
  <testcase name="testAll()" classname="TestParallel" time="3.865"/>
  <system-out><![CDATA[16:35:45.407 [Test worker] DEBUG com.intuit.karate.Suite - [config] classpath:karate-config.js
16:35:45.412 [Test worker] INFO  com.intuit.karate.Suite - backed up existing 'build\karate-reports' dir to: build\karate-reports_1712093745411
16:35:46.403 [Test worker] DEBUG com.intuit.karate - request:
1 > GET http://localhost:8080/api/v1/users
1 > Host: localhost:8080
1 > Connection: Keep-Alive
1 > User-Agent: Apache-HttpClient/4.5.13 (Java/17.0.9)
1 > Accept-Encoding: gzip,deflate


16:35:46.431 [Test worker] DEBUG com.intuit.karate - response time in milliseconds: 26
1 < 200
1 < Content-Type: application/json
1 < Content-Length: 638
{"users":[{"id":"65f3947bb3c3d10286754f5a","username":"prueba7","password":"123456","email":"prueba7@prueba.com"},{"id":"660b711e8306ec2895e3b3c4","username":"prueba1","password":"123456789","email":"prueba1@prueba.com"},{"id":"660b71278306ec2895e3b3c5","username":"prueba2","password":"123456","email":"prueba2@prueba.com"},{"id":"660b712e8306ec2895e3b3c6","username":"prueba3","password":"123456","email":"prueba3@prueba.com"},{"id":"660b71348306ec2895e3b3c7","username":"prueba4","password":"123456","email":"prueba4@prueba.com"},{"id":"660b713d8306ec2895e3b3c8","username":"prueba5","password":"123456","email":"prueba5@prueba.com"}]}

16:35:46.491 [Test worker] DEBUG com.intuit.karate - request:
1 > POST http://localhost:8080/api/v1/users/login
1 > Content-Type: application/json; charset=UTF-8
1 > Content-Length: 55
1 > Host: localhost:8080
1 > Connection: Keep-Alive
1 > User-Agent: Apache-HttpClient/4.5.13 (Java/17.0.9)
1 > Accept-Encoding: gzip,deflate
{"login":{"username":"prueba1","password":"123456789"}}

16:35:46.498 [Test worker] DEBUG com.intuit.karate - response time in milliseconds: 6
1 < 200
1 < Content-Type: application/json
1 < Content-Length: 191
{"token":"eyJhbGciOiJIUzI1NiJ9.eyJzdWIiOiJwcnVlYmExIiwiaXNzIjoiaW5nZXNpcy51bmlxdWluZGlvLmVkdS5jbyIsImlhdCI6MTcxMjA5Mzc0NiwiZXhwIjoxNzEyMDk3MzQ2fQ.m0Uj9cyNOjJyFp-K7UDj2DC900S4S62SEk7Uxg2Kufw"}

16:35:46.515 [Test worker] DEBUG com.intuit.karate - request:
1 > POST http://localhost:8080/api/v1/users/login
1 > Content-Type: application/json; charset=UTF-8
1 > Content-Length: 58
1 > Host: localhost:8080
1 > Connection: Keep-Alive
1 > User-Agent: Apache-HttpClient/4.5.13 (Java/17.0.9)
1 > Accept-Encoding: gzip,deflate
{"login":{"username":"prueba1222","password":"123456789"}}

16:35:46.521 [Test worker] DEBUG com.intuit.karate - response time in milliseconds: 6
1 < 404
1 < Content-Type: application/json
1 < Content-Length: 87
{"errors":[{"httpStatus":404,"domain":"POST:/users/login","message":"Not found user"}]}

16:35:46.545 [Test worker] DEBUG com.intuit.karate - request:
1 > POST http://localhost:8080/api/v1/users/login
1 > Content-Type: application/json; charset=UTF-8
1 > Content-Length: 59
1 > Host: localhost:8080
1 > Connection: Keep-Alive
1 > User-Agent: Apache-HttpClient/4.5.13 (Java/17.0.9)
1 > Accept-Encoding: gzip,deflate
{"login":{"username":"prueba1","password":"1234567891111"}}

16:35:46.553 [Test worker] DEBUG com.intuit.karate - response time in milliseconds: 8
1 < 401
1 < Content-Type: application/json
1 < Content-Length: 105
{"errors":[{"httpStatus":401,"domain":"POST:/users/login","message":"Unauthorized: Incorrect password"}]}

16:35:46.567 [Test worker] DEBUG com.intuit.karate - request:
1 > GET http://localhost:8080/api/v1/users
1 > Host: localhost:8080
1 > Connection: Keep-Alive
1 > User-Agent: Apache-HttpClient/4.5.13 (Java/17.0.9)
1 > Accept-Encoding: gzip,deflate


16:35:46.572 [Test worker] DEBUG com.intuit.karate - response time in milliseconds: 5
1 < 200
1 < Content-Type: application/json
1 < Content-Length: 638
{"users":[{"id":"65f3947bb3c3d10286754f5a","username":"prueba7","password":"123456","email":"prueba7@prueba.com"},{"id":"660b711e8306ec2895e3b3c4","username":"prueba1","password":"123456789","email":"prueba1@prueba.com"},{"id":"660b71278306ec2895e3b3c5","username":"prueba2","password":"123456","email":"prueba2@prueba.com"},{"id":"660b712e8306ec2895e3b3c6","username":"prueba3","password":"123456","email":"prueba3@prueba.com"},{"id":"660b71348306ec2895e3b3c7","username":"prueba4","password":"123456","email":"prueba4@prueba.com"},{"id":"660b713d8306ec2895e3b3c8","username":"prueba5","password":"123456","email":"prueba5@prueba.com"}]}

16:35:46.589 [Test worker] DEBUG com.intuit.karate - request:
1 > POST http://localhost:8080/api/v1/users/login
1 > Content-Type: application/json; charset=UTF-8
1 > Content-Length: 55
1 > Host: localhost:8080
1 > Connection: Keep-Alive
1 > User-Agent: Apache-HttpClient/4.5.13 (Java/17.0.9)
1 > Accept-Encoding: gzip,deflate
{"login":{"username":"prueba1","password":"123456789"}}

16:35:46.596 [Test worker] DEBUG com.intuit.karate - response time in milliseconds: 6
1 < 200
1 < Content-Type: application/json
1 < Content-Length: 191
{"token":"eyJhbGciOiJIUzI1NiJ9.eyJzdWIiOiJwcnVlYmExIiwiaXNzIjoiaW5nZXNpcy51bmlxdWluZGlvLmVkdS5jbyIsImlhdCI6MTcxMjA5Mzc0NiwiZXhwIjoxNzEyMDk3MzQ2fQ.m0Uj9cyNOjJyFp-K7UDj2DC900S4S62SEk7Uxg2Kufw"}

16:35:46.606 [Test worker] DEBUG com.intuit.karate - request:
2 > PUT http://localhost:8080/api/v1/users/password
2 > Authorization: eyJhbGciOiJIUzI1NiJ9.eyJzdWIiOiJwcnVlYmExIiwiaXNzIjoiaW5nZXNpcy51bmlxdWluZGlvLmVkdS5jbyIsImlhdCI6MTcxMjA5Mzc0NiwiZXhwIjoxNzEyMDk3MzQ2fQ.m0Uj9cyNOjJyFp-K7UDj2DC900S4S62SEk7Uxg2Kufw
2 > Content-Type: application/json; charset=UTF-8
2 > Content-Length: 24
2 > Host: localhost:8080
2 > Connection: Keep-Alive
2 > User-Agent: Apache-HttpClient/4.5.13 (Java/17.0.9)
2 > Accept-Encoding: gzip,deflate
{"password":"123456789"}

16:35:46.616 [Test worker] DEBUG com.intuit.karate - response time in milliseconds: 10
2 < 200
2 < Content-Type: application/json
2 < Content-Length: 106
{"id":"660b711e8306ec2895e3b3c4","username":"prueba1","password":"123456789","email":"prueba1@prueba.com"}

16:35:46.634 [Test worker] DEBUG com.intuit.karate - request:
1 > PUT http://localhost:8080/api/v1/users/password
1 > Authorization: Bearer
1 > Content-Type: application/json; charset=UTF-8
1 > Content-Length: 24
1 > Host: localhost:8080
1 > Connection: Keep-Alive
1 > User-Agent: Apache-HttpClient/4.5.13 (Java/17.0.9)
1 > Accept-Encoding: gzip,deflate
{"password":"123456789"}

16:35:46.639 [Test worker] DEBUG com.intuit.karate - response time in milliseconds: 5
1 < 401
1 < Content-Type: application/json
1 < Content-Length: 90
{"errors":[{"httpStatus":401,"domain":"PUT:/users/password","message":"Token malformed"}]}

16:35:46.649 [Test worker] DEBUG com.intuit.karate - request:
1 > PUT http://localhost:8080/api/v1/users/password
1 > Authorization: eyJhbGciOiJIUzI1NiJ9.eyJzdWIiOiJwcnVlYmExIiwiaXNzIjoiaW5nZXNpcy51bmlxdWluZGlvLmVkdS5jbyIsImlhdCI6MTcxMjAzNjUyMSwiZXhwIjoxNzEyMDM2NTIyfQ.2Y-z7uC_P6Elpvv7hqzv76-xX-mSx3xMf_hlt2Csq68
1 > Content-Type: application/json; charset=UTF-8
1 > Content-Length: 24
1 > Host: localhost:8080
1 > Connection: Keep-Alive
1 > User-Agent: Apache-HttpClient/4.5.13 (Java/17.0.9)
1 > Accept-Encoding: gzip,deflate
{"password":"123456789"}

16:35:46.655 [Test worker] DEBUG com.intuit.karate - response time in milliseconds: 5
1 < 401
1 < Content-Type: application/json
1 < Content-Length: 88
{"errors":[{"httpStatus":401,"domain":"PUT:/users/password","message":"Expired token"}]}

16:35:46.765 [Test worker] INFO  com.intuit.karate - [print] Nombre generado: Ms. Freeman Sauer 
16:35:46.767 [Test worker] DEBUG com.intuit.karate - request:
1 > POST http://localhost:8080/api/v1/users
1 > Content-Type: application/json; charset=UTF-8
1 > Content-Length: 88
1 > Host: localhost:8080
1 > Connection: Keep-Alive
1 > User-Agent: Apache-HttpClient/4.5.13 (Java/17.0.9)
1 > Accept-Encoding: gzip,deflate
{"user":{"username":"#(username)","password":"123456789","email":"prueba10@prueba.com"}}

16:35:46.773 [Test worker] DEBUG com.intuit.karate - response time in milliseconds: 6
1 < 201
1 < Content-Type: application/json
1 < Content-Length: 120
{"user":{"id":"660c7a3253a85b3aecb25107","username":"#(username)","password":"123456789","email":"prueba10@prueba.com"}}

16:35:46.783 [Test worker] DEBUG com.intuit.karate - request:
2 > DELETE http://localhost:8080/api/v1/users/660c7a3253a85b3aecb25107
2 > Host: localhost:8080
2 > Connection: Keep-Alive
2 > User-Agent: Apache-HttpClient/4.5.13 (Java/17.0.9)
2 > Accept-Encoding: gzip,deflate


16:35:46.789 [Test worker] DEBUG com.intuit.karate - response time in milliseconds: 5
2 < 204


16:35:46.798 [Test worker] DEBUG com.intuit.karate - request:
1 > POST http://localhost:8080/api/v1/users
1 > Content-Type: application/json; charset=UTF-8
1 > Content-Length: 63
1 > Host: localhost:8080
1 > Connection: Keep-Alive
1 > User-Agent: Apache-HttpClient/4.5.13 (Java/17.0.9)
1 > Accept-Encoding: gzip,deflate
{"user":{"password":"123456789","email":"prueba10@prueba.com"}}

16:35:46.803 [Test worker] DEBUG com.intuit.karate - response time in milliseconds: 4
1 < 400
1 < Content-Type: application/json
1 < Content-Length: 97
{"errors":[{"httpStatus":400,"domain":"POST:/users","message":"The username field is required"}]}

16:35:46.815 [Test worker] DEBUG com.intuit.karate - request:
1 > POST http://localhost:8080/api/v1/users
1 > Content-Type: application/json; charset=UTF-8
1 > Content-Length: 55
1 > Host: localhost:8080
1 > Connection: Keep-Alive
1 > User-Agent: Apache-HttpClient/4.5.13 (Java/17.0.9)
1 > Accept-Encoding: gzip,deflate
{"user":{"username":"prueba10","password":"123456789"}}

16:35:46.821 [Test worker] DEBUG com.intuit.karate - response time in milliseconds: 6
1 < 400
1 < Content-Type: application/json
1 < Content-Length: 94
{"errors":[{"httpStatus":400,"domain":"POST:/users","message":"The email field is required"}]}

16:35:46.831 [Test worker] DEBUG com.intuit.karate - request:
1 > POST http://localhost:8080/api/v1/users
1 > Content-Type: application/json; charset=UTF-8
1 > Content-Length: 62
1 > Host: localhost:8080
1 > Connection: Keep-Alive
1 > User-Agent: Apache-HttpClient/4.5.13 (Java/17.0.9)
1 > Accept-Encoding: gzip,deflate
{"user":{"username":"prueba10","email":"prueba10@prueba.com"}}

16:35:46.836 [Test worker] DEBUG com.intuit.karate - response time in milliseconds: 5
1 < 400
1 < Content-Type: application/json
1 < Content-Length: 96
{"errors":[{"httpStatus":400,"domain":"POST:/users","message":"The password field is require"}]}

16:35:46.849 [Test worker] DEBUG com.intuit.karate - request:
1 > POST http://localhost:8080/api/v1/users
1 > Content-Type: application/json; charset=UTF-8
1 > Content-Length: 88
1 > Host: localhost:8080
1 > Connection: Keep-Alive
1 > User-Agent: Apache-HttpClient/4.5.13 (Java/17.0.9)
1 > Accept-Encoding: gzip,deflate
{"user":{"username":"#(username)","password":"123456789","email":"prueba10@prueba.com"}}

16:35:46.856 [Test worker] DEBUG com.intuit.karate - response time in milliseconds: 7
1 < 201
1 < Content-Type: application/json
1 < Content-Length: 120
{"user":{"id":"660c7a3253a85b3aecb25108","username":"#(username)","password":"123456789","email":"prueba10@prueba.com"}}

16:35:46.859 [Test worker] DEBUG com.intuit.karate - request:
2 > DELETE http://localhost:8080/api/v1/users/660c7a3253a85b3aecb25108
2 > Host: localhost:8080
2 > Connection: Keep-Alive
2 > User-Agent: Apache-HttpClient/4.5.13 (Java/17.0.9)
2 > Accept-Encoding: gzip,deflate


16:35:46.866 [Test worker] DEBUG com.intuit.karate - response time in milliseconds: 7
2 < 204


16:35:46.877 [Test worker] DEBUG com.intuit.karate - request:
1 > GET http://localhost:8080/api/v1/users/660b711e8306ec2895e3b3c4
1 > Host: localhost:8080
1 > Connection: Keep-Alive
1 > User-Agent: Apache-HttpClient/4.5.13 (Java/17.0.9)
1 > Accept-Encoding: gzip,deflate


16:35:46.884 [Test worker] DEBUG com.intuit.karate - response time in milliseconds: 6
1 < 200
1 < Content-Type: application/json
1 < Content-Length: 115
{"user":{"id":"660b711e8306ec2895e3b3c4","username":"prueba1","password":"123456789","email":"prueba1@prueba.com"}}

16:35:46.893 [Test worker] DEBUG com.intuit.karate - request:
1 > GET http://localhost:8080/api/v1/users/1234567
1 > Host: localhost:8080
1 > Connection: Keep-Alive
1 > User-Agent: Apache-HttpClient/4.5.13 (Java/17.0.9)
1 > Accept-Encoding: gzip,deflate


16:35:46.900 [Test worker] DEBUG com.intuit.karate - response time in milliseconds: 6
1 < 404
1 < Content-Type: application/json
1 < Content-Length: 88
{"errors":[{"httpStatus":404,"domain":"GET:/users/1234567","message":"Not found user"}]}

16:35:46.911 [Test worker] DEBUG com.intuit.karate - request:
1 > PUT http://localhost:8080/api/v1/users
1 > Content-Type: application/json; charset=UTF-8
1 > Content-Length: 115
1 > Host: localhost:8080
1 > Connection: Keep-Alive
1 > User-Agent: Apache-HttpClient/4.5.13 (Java/17.0.9)
1 > Accept-Encoding: gzip,deflate
{"user":{"id":"660b711e8306ec2895e3b3c4","username":"prueba1","password":"123456789","email":"prueba1@prueba.com"}}

16:35:46.920 [Test worker] DEBUG com.intuit.karate - response time in milliseconds: 9
1 < 200
1 < Content-Type: application/json
1 < Content-Length: 115
{"user":{"id":"660b711e8306ec2895e3b3c4","username":"prueba1","password":"123456789","email":"prueba1@prueba.com"}}

16:35:46.928 [Test worker] DEBUG com.intuit.karate - request:
1 > PUT http://localhost:8080/api/v1/users
1 > Content-Type: application/json; charset=UTF-8
1 > Content-Length: 118
1 > Host: localhost:8080
1 > Connection: Keep-Alive
1 > User-Agent: Apache-HttpClient/4.5.13 (Java/17.0.9)
1 > Accept-Encoding: gzip,deflate
{"user":{"id":"660b711e8306ec2895e3b3c4222","username":"prueba1","password":"123456789","email":"prueba1@prueba.com"}}

16:35:46.934 [Test worker] DEBUG com.intuit.karate - response time in milliseconds: 5
1 < 404
1 < Content-Type: application/json
1 < Content-Length: 80
{"errors":[{"httpStatus":404,"domain":"PUT:/users","message":"Not found user"}]}

---------------------------------------------------------
feature: classpath:karate/user.feature
scenarios: 17 | passed: 17 | failed:  0 | time: 0,5504
---------------------------------------------------------

16:35:47.677 [Test worker] INFO  com.intuit.karate.Suite - <<pass>> feature 1 of 1 (0 remaining) classpath:karate/user.feature
Karate version: 1.3.1
======================================================
elapsed:   2,99 | threads:    1 | thread time: 0,55 
features:     1 | skipped:    0 | efficiency: 0,18
scenarios:   17 | passed:    17 | failed: 0
======================================================

HTML report: (paste into browser to view) | Karate version: 1.3.1
file:///C:/Users/Usuario/Documents/Repositorios/Talleres/acceptance-test/build/karate-reports/karate-summary.html
===================================================================

]]></system-out>
  <system-err><![CDATA[abr 02, 2024 4:35:47 P. M. net.masterthought.cucumber.ReportParser parseJsonFiles
INFO: File 'C:\Users\Usuario\Documents\Repositorios\Talleres\acceptance-test\build\karate-reports\karate.user.json' contains 1 feature(s)
]]></system-err>
</testsuite>
