<?xml version="1.0" encoding="UTF-8"?>
<testsuite name="TestParallel" tests="1" skipped="0" failures="0" errors="0" timestamp="2024-04-04T17:41:18" hostname="DESKTOP-0LRDBN7" time="3.95">
  <properties/>
  <testcase name="testAll()" classname="TestParallel" time="3.95"/>
  <system-out><![CDATA[12:41:19.003 [Test worker] DEBUG com.intuit.karate.Suite - [config] classpath:karate-config.js
12:41:19.009 [Test worker] INFO  com.intuit.karate.Suite - backed up existing 'build\karate-reports' dir to: build\karate-reports_1712252479008
12:41:20.051 [Test worker] DEBUG com.intuit.karate - request:
1 > POST http://localhost:8090/api/v1/users/login
1 > Content-Type: application/json; charset=UTF-8
1 > Content-Length: 55
1 > Host: localhost:8090
1 > Connection: Keep-Alive
1 > User-Agent: Apache-HttpClient/4.5.13 (Java/17.0.9)
1 > Accept-Encoding: gzip,deflate
{"login":{"username":"prueba1","password":"123456789"}}

12:41:20.082 [Test worker] DEBUG com.intuit.karate - response time in milliseconds: 29
1 < 200
1 < Content-Type: application/json
1 < Content-Length: 191
{"token":"eyJhbGciOiJIUzI1NiJ9.eyJzdWIiOiJwcnVlYmExIiwiaXNzIjoiaW5nZXNpcy51bmlxdWluZGlvLmVkdS5jbyIsImlhdCI6MTcxMjI1MjQ4MCwiZXhwIjoxNzEyMjUyNDgzfQ.flVRet_Ok3RgxB5YX3Gf61YMkeAC3rJoYTAVZ8K91V8"}

12:41:20.109 [Test worker] DEBUG com.intuit.karate - request:
1 > POST http://localhost:8090/api/v1/users/login
1 > Content-Type: application/json; charset=UTF-8
1 > Content-Length: 58
1 > Host: localhost:8090
1 > Connection: Keep-Alive
1 > User-Agent: Apache-HttpClient/4.5.13 (Java/17.0.9)
1 > Accept-Encoding: gzip,deflate
{"login":{"username":"prueba1222","password":"123456789"}}

12:41:20.117 [Test worker] DEBUG com.intuit.karate - response time in milliseconds: 7
1 < 404
1 < Content-Type: application/json
1 < Content-Length: 87
{"errors":[{"httpStatus":404,"domain":"POST:/users/login","message":"Not found user"}]}

12:41:20.131 [Test worker] DEBUG com.intuit.karate - request:
1 > POST http://localhost:8090/api/v1/users/login
1 > Content-Type: application/json; charset=UTF-8
1 > Content-Length: 59
1 > Host: localhost:8090
1 > Connection: Keep-Alive
1 > User-Agent: Apache-HttpClient/4.5.13 (Java/17.0.9)
1 > Accept-Encoding: gzip,deflate
{"login":{"username":"prueba1","password":"1234567891111"}}

12:41:20.139 [Test worker] DEBUG com.intuit.karate - response time in milliseconds: 8
1 < 401
1 < Content-Type: application/json
1 < Content-Length: 105
{"errors":[{"httpStatus":401,"domain":"POST:/users/login","message":"Unauthorized: Incorrect password"}]}

12:41:20.152 [Test worker] DEBUG com.intuit.karate - request:
1 > GET http://localhost:8090/api/v1/users
1 > Host: localhost:8090
1 > Connection: Keep-Alive
1 > User-Agent: Apache-HttpClient/4.5.13 (Java/17.0.9)
1 > Accept-Encoding: gzip,deflate


12:41:20.160 [Test worker] DEBUG com.intuit.karate - response time in milliseconds: 8
1 < 200
1 < Content-Type: application/json
1 < Content-Length: 1007
{"users":[{"id":"65f3947bb3c3d10286754f5a","username":"prueba7","password":"123456","email":"prueba7@prueba.com"},{"id":"660b711e8306ec2895e3b3c4","username":"prueba1","password":"123456789","email":"prueba1@prueba.com"},{"id":"660b71278306ec2895e3b3c5","username":"prueba2","password":"123456","email":"prueba2@prueba.com"},{"id":"660b712e8306ec2895e3b3c6","username":"prueba3","password":"123456","email":"prueba3@prueba.com"},{"id":"660b71348306ec2895e3b3c7","username":"prueba4","password":"123456","email":"prueba4@prueba.com"},{"id":"660b713d8306ec2895e3b3c8","username":"prueba5","password":"123456","email":"prueba5@prueba.com"},{"id":"660ee1696657865341baf8f5","username":"saul.keeblery3","password":"hvsdxbcjlx","email":"saul.keebler@gmail.com"},{"id":"660ee5886657865341baf8f8","username":"jeffie.powlowskizw","password":"4k0evv1xe1","email":"jeffie.powlowski@gmail.com"},{"id":"660ee5f06657865341baf8fa","username":"hyo.bartolettipl","password":"9edaqyzxxo","email":"hyo.bartoletti@gmail.com"}]}

12:41:20.177 [Test worker] DEBUG com.intuit.karate - request:
1 > POST http://localhost:8090/api/v1/users/login
1 > Content-Type: application/json; charset=UTF-8
1 > Content-Length: 55
1 > Host: localhost:8090
1 > Connection: Keep-Alive
1 > User-Agent: Apache-HttpClient/4.5.13 (Java/17.0.9)
1 > Accept-Encoding: gzip,deflate
{"login":{"username":"prueba1","password":"123456789"}}

12:41:20.186 [Test worker] DEBUG com.intuit.karate - response time in milliseconds: 8
1 < 200
1 < Content-Type: application/json
1 < Content-Length: 191
{"token":"eyJhbGciOiJIUzI1NiJ9.eyJzdWIiOiJwcnVlYmExIiwiaXNzIjoiaW5nZXNpcy51bmlxdWluZGlvLmVkdS5jbyIsImlhdCI6MTcxMjI1MjQ4MCwiZXhwIjoxNzEyMjUyNDgzfQ.flVRet_Ok3RgxB5YX3Gf61YMkeAC3rJoYTAVZ8K91V8"}

12:41:20.193 [Test worker] DEBUG com.intuit.karate - request:
2 > PUT http://localhost:8090/api/v1/users/password
2 > Authorization: eyJhbGciOiJIUzI1NiJ9.eyJzdWIiOiJwcnVlYmExIiwiaXNzIjoiaW5nZXNpcy51bmlxdWluZGlvLmVkdS5jbyIsImlhdCI6MTcxMjI1MjQ4MCwiZXhwIjoxNzEyMjUyNDgzfQ.flVRet_Ok3RgxB5YX3Gf61YMkeAC3rJoYTAVZ8K91V8
2 > Content-Type: application/json; charset=UTF-8
2 > Content-Length: 24
2 > Host: localhost:8090
2 > Connection: Keep-Alive
2 > User-Agent: Apache-HttpClient/4.5.13 (Java/17.0.9)
2 > Accept-Encoding: gzip,deflate
{"password":"123456789"}

12:41:20.204 [Test worker] DEBUG com.intuit.karate - response time in milliseconds: 11
2 < 200
2 < Content-Type: application/json
2 < Content-Length: 106
{"id":"660b711e8306ec2895e3b3c4","username":"prueba1","password":"123456789","email":"prueba1@prueba.com"}

12:41:20.216 [Test worker] DEBUG com.intuit.karate - request:
1 > PUT http://localhost:8090/api/v1/users/password
1 > Authorization: Bearer
1 > Content-Type: application/json; charset=UTF-8
1 > Content-Length: 24
1 > Host: localhost:8090
1 > Connection: Keep-Alive
1 > User-Agent: Apache-HttpClient/4.5.13 (Java/17.0.9)
1 > Accept-Encoding: gzip,deflate
{"password":"123456789"}

12:41:20.222 [Test worker] DEBUG com.intuit.karate - response time in milliseconds: 6
1 < 401
1 < Content-Type: application/json
1 < Content-Length: 90
{"errors":[{"httpStatus":401,"domain":"PUT:/users/password","message":"Token malformed"}]}

12:41:20.233 [Test worker] DEBUG com.intuit.karate - request:
1 > PUT http://localhost:8090/api/v1/users/password
1 > Authorization: eyJhbGciOiJIUzI1NiJ9.eyJzdWIiOiJwcnVlYmExIiwiaXNzIjoiaW5nZXNpcy51bmlxdWluZGlvLmVkdS5jbyIsImlhdCI6MTcxMjAzNjUyMSwiZXhwIjoxNzEyMDM2NTIyfQ.2Y-z7uC_P6Elpvv7hqzv76-xX-mSx3xMf_hlt2Csq68
1 > Content-Type: application/json; charset=UTF-8
1 > Content-Length: 24
1 > Host: localhost:8090
1 > Connection: Keep-Alive
1 > User-Agent: Apache-HttpClient/4.5.13 (Java/17.0.9)
1 > Accept-Encoding: gzip,deflate
{"password":"123456789"}

12:41:20.241 [Test worker] DEBUG com.intuit.karate - response time in milliseconds: 8
1 < 401
1 < Content-Type: application/json
1 < Content-Length: 88
{"errors":[{"httpStatus":401,"domain":"PUT:/users/password","message":"Expired token"}]}

12:41:20.385 [Test worker] DEBUG com.intuit.karate - request:
1 > POST http://localhost:8090/api/v1/users
1 > Content-Type: application/json; charset=UTF-8
1 > Content-Length: 93
1 > Host: localhost:8090
1 > Connection: Keep-Alive
1 > User-Agent: Apache-HttpClient/4.5.13 (Java/17.0.9)
1 > Accept-Encoding: gzip,deflate
{"user":{"username":"dario.morarfl","email":"dario.morar@gmail.com","password":"g11j7mewg5"}}

12:41:20.395 [Test worker] DEBUG com.intuit.karate - response time in milliseconds: 9
1 < 201
1 < Content-Type: application/json
1 < Content-Length: 125
{"user":{"id":"660ee6406657865341baf8fc","username":"dario.morarfl","password":"g11j7mewg5","email":"dario.morar@gmail.com"}}

12:41:20.412 [Test worker] DEBUG com.intuit.karate - request:
1 > POST http://localhost:8090/api/v1/users
1 > Content-Type: application/json; charset=UTF-8
1 > Content-Length: 63
1 > Host: localhost:8090
1 > Connection: Keep-Alive
1 > User-Agent: Apache-HttpClient/4.5.13 (Java/17.0.9)
1 > Accept-Encoding: gzip,deflate
{"user":{"password":"123456789","email":"prueba10@prueba.com"}}

12:41:20.418 [Test worker] DEBUG com.intuit.karate - response time in milliseconds: 6
1 < 400
1 < Content-Type: application/json
1 < Content-Length: 97
{"errors":[{"httpStatus":400,"domain":"POST:/users","message":"The username field is required"}]}

12:41:20.430 [Test worker] DEBUG com.intuit.karate - request:
1 > POST http://localhost:8090/api/v1/users
1 > Content-Type: application/json; charset=UTF-8
1 > Content-Length: 55
1 > Host: localhost:8090
1 > Connection: Keep-Alive
1 > User-Agent: Apache-HttpClient/4.5.13 (Java/17.0.9)
1 > Accept-Encoding: gzip,deflate
{"user":{"username":"prueba10","password":"123456789"}}

12:41:20.436 [Test worker] DEBUG com.intuit.karate - response time in milliseconds: 6
1 < 400
1 < Content-Type: application/json
1 < Content-Length: 94
{"errors":[{"httpStatus":400,"domain":"POST:/users","message":"The email field is required"}]}

12:41:20.447 [Test worker] DEBUG com.intuit.karate - request:
1 > POST http://localhost:8090/api/v1/users
1 > Content-Type: application/json; charset=UTF-8
1 > Content-Length: 62
1 > Host: localhost:8090
1 > Connection: Keep-Alive
1 > User-Agent: Apache-HttpClient/4.5.13 (Java/17.0.9)
1 > Accept-Encoding: gzip,deflate
{"user":{"username":"prueba10","email":"prueba10@prueba.com"}}

12:41:20.453 [Test worker] DEBUG com.intuit.karate - response time in milliseconds: 5
1 < 400
1 < Content-Type: application/json
1 < Content-Length: 96
{"errors":[{"httpStatus":400,"domain":"POST:/users","message":"The password field is require"}]}

12:41:20.465 [Test worker] DEBUG com.intuit.karate - request:
1 > POST http://localhost:8090/api/v1/users
1 > Content-Type: application/json; charset=UTF-8
1 > Content-Length: 85
1 > Host: localhost:8090
1 > Connection: Keep-Alive
1 > User-Agent: Apache-HttpClient/4.5.13 (Java/17.0.9)
1 > Accept-Encoding: gzip,deflate
{"user":{"username":"userdelete","password":"123456","email":"userdelete@gmail.com"}}

12:41:20.474 [Test worker] DEBUG com.intuit.karate - response time in milliseconds: 8
1 < 201
1 < Content-Type: application/json
1 < Content-Length: 117
{"user":{"id":"660ee6406657865341baf8fd","username":"userdelete","password":"123456","email":"userdelete@gmail.com"}}

12:41:20.483 [Test worker] DEBUG com.intuit.karate - request:
2 > DELETE http://localhost:8090/api/v1/users/660ee6406657865341baf8fd
2 > Host: localhost:8090
2 > Connection: Keep-Alive
2 > User-Agent: Apache-HttpClient/4.5.13 (Java/17.0.9)
2 > Accept-Encoding: gzip,deflate


12:41:20.491 [Test worker] DEBUG com.intuit.karate - response time in milliseconds: 7
2 < 204


12:41:20.502 [Test worker] DEBUG com.intuit.karate - request:
1 > GET http://localhost:8090/api/v1/users/660b711e8306ec2895e3b3c4
1 > Host: localhost:8090
1 > Connection: Keep-Alive
1 > User-Agent: Apache-HttpClient/4.5.13 (Java/17.0.9)
1 > Accept-Encoding: gzip,deflate


12:41:20.509 [Test worker] DEBUG com.intuit.karate - response time in milliseconds: 7
1 < 200
1 < Content-Type: application/json
1 < Content-Length: 115
{"user":{"id":"660b711e8306ec2895e3b3c4","username":"prueba1","password":"123456789","email":"prueba1@prueba.com"}}

12:41:20.518 [Test worker] DEBUG com.intuit.karate - request:
1 > GET http://localhost:8090/api/v1/users/1234567
1 > Host: localhost:8090
1 > Connection: Keep-Alive
1 > User-Agent: Apache-HttpClient/4.5.13 (Java/17.0.9)
1 > Accept-Encoding: gzip,deflate


12:41:20.525 [Test worker] DEBUG com.intuit.karate - response time in milliseconds: 7
1 < 404
1 < Content-Type: application/json
1 < Content-Length: 88
{"errors":[{"httpStatus":404,"domain":"GET:/users/1234567","message":"Not found user"}]}

12:41:20.535 [Test worker] DEBUG com.intuit.karate - request:
1 > PUT http://localhost:8090/api/v1/users
1 > Content-Type: application/json; charset=UTF-8
1 > Content-Length: 115
1 > Host: localhost:8090
1 > Connection: Keep-Alive
1 > User-Agent: Apache-HttpClient/4.5.13 (Java/17.0.9)
1 > Accept-Encoding: gzip,deflate
{"user":{"id":"660b711e8306ec2895e3b3c4","username":"prueba1","password":"123456789","email":"prueba1@prueba.com"}}

12:41:20.544 [Test worker] DEBUG com.intuit.karate - response time in milliseconds: 9
1 < 200
1 < Content-Type: application/json
1 < Content-Length: 115
{"user":{"id":"660b711e8306ec2895e3b3c4","username":"prueba1","password":"123456789","email":"prueba1@prueba.com"}}

12:41:20.553 [Test worker] DEBUG com.intuit.karate - request:
1 > PUT http://localhost:8090/api/v1/users
1 > Content-Type: application/json; charset=UTF-8
1 > Content-Length: 118
1 > Host: localhost:8090
1 > Connection: Keep-Alive
1 > User-Agent: Apache-HttpClient/4.5.13 (Java/17.0.9)
1 > Accept-Encoding: gzip,deflate
{"user":{"id":"660b711e8306ec2895e3b3c4222","username":"prueba1","password":"123456789","email":"prueba1@prueba.com"}}

12:41:20.560 [Test worker] DEBUG com.intuit.karate - response time in milliseconds: 7
1 < 404
1 < Content-Type: application/json
1 < Content-Length: 80
{"errors":[{"httpStatus":404,"domain":"PUT:/users","message":"Not found user"}]}

---------------------------------------------------------
feature: classpath:karate/user.feature
scenarios: 16 | passed: 16 | failed:  0 | time: 0,5947
---------------------------------------------------------

12:41:21.334 [Test worker] INFO  com.intuit.karate.Suite - <<pass>> feature 1 of 1 (0 remaining) classpath:karate/user.feature
Karate version: 1.3.1
======================================================
elapsed:   3,05 | threads:    1 | thread time: 0,60 
features:     1 | skipped:    0 | efficiency: 0,19
scenarios:   16 | passed:    16 | failed: 0
======================================================

HTML report: (paste into browser to view) | Karate version: 1.3.1
file:///C:/Users/Usuario/Documents/Repositorios/Talleres/acceptance-test/build/karate-reports/karate-summary.html
===================================================================

]]></system-out>
  <system-err><![CDATA[abr 04, 2024 12:41:21 P. M. net.masterthought.cucumber.ReportParser parseJsonFiles
INFO: File 'C:\Users\Usuario\Documents\Repositorios\Talleres\acceptance-test\build\karate-reports\karate.user.json' contains 1 feature(s)
]]></system-err>
</testsuite>
